SF:/Users/admin/Documents/learn/nession/.claude/worktrees/feat-cli-self-update/crates/nession-cli/src/client/connection.rs
FN:150,_RNvMNtNtCsdPtMFPEf3D7_11nession_cli6client10connectionNtB2_16ClientConnection11list_agents
FN:85,_RNvMNtNtCsdPtMFPEf3D7_11nession_cli6client10connectionNtB2_16ClientConnection12authenticate
FN:207,_RNvMNtNtCsdPtMFPEf3D7_11nession_cli6client10connectionNtB2_16ClientConnection13list_sessions
FN:273,_RNvMNtNtCsdPtMFPEf3D7_11nession_cli6client10connectionNtB2_16ClientConnection14request_attach
FN:360,_RNvMNtNtCsdPtMFPEf3D7_11nession_cli6client10connectionNtB2_16ClientConnection20into_relay_transport
FN:365,_RNvMNtNtCsdPtMFPEf3D7_11nession_cli6client10connectionNtB2_16ClientConnection5close
FN:64,_RNvMNtNtCsdPtMFPEf3D7_11nession_cli6client10connectionNtB2_16ClientConnection7connect
FN:375,_RNvNtNtCsdPtMFPEf3D7_11nession_cli6client10connection16connect_to_agent
FN:484,_RNvNtNtCsdPtMFPEf3D7_11nession_cli6client10connection21kill_session_on_agent
FN:395,_RNvNtNtCsdPtMFPEf3D7_11nession_cli6client10connection23create_session_on_agent
FN:180,_RNCNCNvMNtNtCsdPtMFPEf3D7_11nession_cli6client10connectionNtB6_16ClientConnection11list_agents00Ba_
FN:187,_RNCNCNvMNtNtCsdPtMFPEf3D7_11nession_cli6client10connectionNtB6_16ClientConnection11list_agents0s_0Ba_
FN:113,_RNCNCNvMNtNtCsdPtMFPEf3D7_11nession_cli6client10connectionNtB6_16ClientConnection12authenticate00Ba_
FN:120,_RNCNCNvMNtNtCsdPtMFPEf3D7_11nession_cli6client10connectionNtB6_16ClientConnection12authenticate0s0_0Ba_
FN:124,_RNCNCNvMNtNtCsdPtMFPEf3D7_11nession_cli6client10connectionNtB6_16ClientConnection12authenticate0s1_0Ba_
FN:125,_RNCNCNvMNtNtCsdPtMFPEf3D7_11nession_cli6client10connectionNtB6_16ClientConnection12authenticate0s2_0Ba_
FN:119,_RNCNCNvMNtNtCsdPtMFPEf3D7_11nession_cli6client10connectionNtB6_16ClientConnection12authenticate0s_0Ba_
FN:244,_RNCNCNvMNtNtCsdPtMFPEf3D7_11nession_cli6client10connectionNtB6_16ClientConnection13list_sessions00Ba_
FN:251,_RNCNCNvMNtNtCsdPtMFPEf3D7_11nession_cli6client10connectionNtB6_16ClientConnection13list_sessions0s_0Ba_
FN:310,_RNCNCNvMNtNtCsdPtMFPEf3D7_11nession_cli6client10connectionNtB6_16ClientConnection14request_attach00Ba_
FN:322,_RNCNCNvMNtNtCsdPtMFPEf3D7_11nession_cli6client10connectionNtB6_16ClientConnection14request_attach0s0_0Ba_
FN:327,_RNCNCNvMNtNtCsdPtMFPEf3D7_11nession_cli6client10connectionNtB6_16ClientConnection14request_attach0s1_0Ba_
FN:328,_RNCNCNvMNtNtCsdPtMFPEf3D7_11nession_cli6client10connectionNtB6_16ClientConnection14request_attach0s2_0Ba_
FN:335,_RNCNCNvMNtNtCsdPtMFPEf3D7_11nession_cli6client10connectionNtB6_16ClientConnection14request_attach0s3_0Ba_
FN:336,_RNCNCNvMNtNtCsdPtMFPEf3D7_11nession_cli6client10connectionNtB6_16ClientConnection14request_attach0s4_0Ba_
FN:321,_RNCNCNvMNtNtCsdPtMFPEf3D7_11nession_cli6client10connectionNtB6_16ClientConnection14request_attach0s_0Ba_
FN:69,_RNCNCNvMNtNtCsdPtMFPEf3D7_11nession_cli6client10connectionNtB6_16ClientConnection7connect00Ba_
FN:382,_RNCNCNvNtNtCsdPtMFPEf3D7_11nession_cli6client10connection16connect_to_agent00B9_
FN:492,_RNCNCNvNtNtCsdPtMFPEf3D7_11nession_cli6client10connection21kill_session_on_agent00B9_
FN:522,_RNCNCNvNtNtCsdPtMFPEf3D7_11nession_cli6client10connection21kill_session_on_agent0s0_0B9_
FN:528,_RNCNCNvNtNtCsdPtMFPEf3D7_11nession_cli6client10connection21kill_session_on_agent0s1_0B9_
FN:529,_RNCNCNvNtNtCsdPtMFPEf3D7_11nession_cli6client10connection21kill_session_on_agent0s2_0B9_
FN:537,_RNCNCNvNtNtCsdPtMFPEf3D7_11nession_cli6client10connection21kill_session_on_agent0s3_0B9_
FN:538,_RNCNCNvNtNtCsdPtMFPEf3D7_11nession_cli6client10connection21kill_session_on_agent0s4_0B9_
FN:542,_RNCNCNvNtNtCsdPtMFPEf3D7_11nession_cli6client10connection21kill_session_on_agent0s5_0B9_
FN:543,_RNCNCNvNtNtCsdPtMFPEf3D7_11nession_cli6client10connection21kill_session_on_agent0s6_0B9_
FN:408,_RNCNCNvNtNtCsdPtMFPEf3D7_11nession_cli6client10connection23create_session_on_agent00B9_
FN:440,_RNCNCNvNtNtCsdPtMFPEf3D7_11nession_cli6client10connection23create_session_on_agent0s0_0B9_
FN:446,_RNCNCNvNtNtCsdPtMFPEf3D7_11nession_cli6client10connection23create_session_on_agent0s1_0B9_
FN:447,_RNCNCNvNtNtCsdPtMFPEf3D7_11nession_cli6client10connection23create_session_on_agent0s2_0B9_
FN:455,_RNCNCNvNtNtCsdPtMFPEf3D7_11nession_cli6client10connection23create_session_on_agent0s3_0B9_
FN:456,_RNCNCNvNtNtCsdPtMFPEf3D7_11nession_cli6client10connection23create_session_on_agent0s4_0B9_
FN:460,_RNCNCNvNtNtCsdPtMFPEf3D7_11nession_cli6client10connection23create_session_on_agent0s5_0B9_
FN:461,_RNCNCNvNtNtCsdPtMFPEf3D7_11nession_cli6client10connection23create_session_on_agent0s6_0B9_
FN:150,_RNCNvMNtNtCsdPtMFPEf3D7_11nession_cli6client10connectionNtB4_16ClientConnection11list_agents0B8_
FN:85,_RNCNvMNtNtCsdPtMFPEf3D7_11nession_cli6client10connectionNtB4_16ClientConnection12authenticate0B8_
FN:207,_RNCNvMNtNtCsdPtMFPEf3D7_11nession_cli6client10connectionNtB4_16ClientConnection13list_sessions0B8_
FN:277,_RNCNvMNtNtCsdPtMFPEf3D7_11nession_cli6client10connectionNtB4_16ClientConnection14request_attach0B8_
FN:365,_RNCNvMNtNtCsdPtMFPEf3D7_11nession_cli6client10connectionNtB4_16ClientConnection5close0B8_
FN:64,_RNCNvMNtNtCsdPtMFPEf3D7_11nession_cli6client10connectionNtB4_16ClientConnection7connect0B8_
FN:377,_RNCNvNtNtCsdPtMFPEf3D7_11nession_cli6client10connection16connect_to_agent0B7_
FN:484,_RNCNvNtNtCsdPtMFPEf3D7_11nession_cli6client10connection21kill_session_on_agent0B7_
FN:400,_RNCNvNtNtCsdPtMFPEf3D7_11nession_cli6client10connection23create_session_on_agent0B7_
FN:180,_RNCNCNvMNtNtCsdH46pelqeeX_7nession6client10connectionNtB6_16ClientConnection11list_agents00Ba_
FN:187,_RNCNCNvMNtNtCsdH46pelqeeX_7nession6client10connectionNtB6_16ClientConnection11list_agents0s_0Ba_
FN:113,_RNCNCNvMNtNtCsdH46pelqeeX_7nession6client10connectionNtB6_16ClientConnection12authenticate00Ba_
FN:120,_RNCNCNvMNtNtCsdH46pelqeeX_7nession6client10connectionNtB6_16ClientConnection12authenticate0s0_0Ba_
FN:124,_RNCNCNvMNtNtCsdH46pelqeeX_7nession6client10connectionNtB6_16ClientConnection12authenticate0s1_0Ba_
FN:125,_RNCNCNvMNtNtCsdH46pelqeeX_7nession6client10connectionNtB6_16ClientConnection12authenticate0s2_0Ba_
FN:119,_RNCNCNvMNtNtCsdH46pelqeeX_7nession6client10connectionNtB6_16ClientConnection12authenticate0s_0Ba_
FN:244,_RNCNCNvMNtNtCsdH46pelqeeX_7nession6client10connectionNtB6_16ClientConnection13list_sessions00Ba_
FN:251,_RNCNCNvMNtNtCsdH46pelqeeX_7nession6client10connectionNtB6_16ClientConnection13list_sessions0s_0Ba_
FN:310,_RNCNCNvMNtNtCsdH46pelqeeX_7nession6client10connectionNtB6_16ClientConnection14request_attach00Ba_
FN:322,_RNCNCNvMNtNtCsdH46pelqeeX_7nession6client10connectionNtB6_16ClientConnection14request_attach0s0_0Ba_
FN:327,_RNCNCNvMNtNtCsdH46pelqeeX_7nession6client10connectionNtB6_16ClientConnection14request_attach0s1_0Ba_
FN:328,_RNCNCNvMNtNtCsdH46pelqeeX_7nession6client10connectionNtB6_16ClientConnection14request_attach0s2_0Ba_
FN:335,_RNCNCNvMNtNtCsdH46pelqeeX_7nession6client10connectionNtB6_16ClientConnection14request_attach0s3_0Ba_
FN:336,_RNCNCNvMNtNtCsdH46pelqeeX_7nession6client10connectionNtB6_16ClientConnection14request_attach0s4_0Ba_
FN:321,_RNCNCNvMNtNtCsdH46pelqeeX_7nession6client10connectionNtB6_16ClientConnection14request_attach0s_0Ba_
FN:69,_RNCNCNvMNtNtCsdH46pelqeeX_7nession6client10connectionNtB6_16ClientConnection7connect00Ba_
FN:382,_RNCNCNvNtNtCsdH46pelqeeX_7nession6client10connection16connect_to_agent00B9_
FN:492,_RNCNCNvNtNtCsdH46pelqeeX_7nession6client10connection21kill_session_on_agent00B9_
FN:522,_RNCNCNvNtNtCsdH46pelqeeX_7nession6client10connection21kill_session_on_agent0s0_0B9_
FN:528,_RNCNCNvNtNtCsdH46pelqeeX_7nession6client10connection21kill_session_on_agent0s1_0B9_
FN:529,_RNCNCNvNtNtCsdH46pelqeeX_7nession6client10connection21kill_session_on_agent0s2_0B9_
FN:537,_RNCNCNvNtNtCsdH46pelqeeX_7nession6client10connection21kill_session_on_agent0s3_0B9_
FN:538,_RNCNCNvNtNtCsdH46pelqeeX_7nession6client10connection21kill_session_on_agent0s4_0B9_
FN:542,_RNCNCNvNtNtCsdH46pelqeeX_7nession6client10connection21kill_session_on_agent0s5_0B9_
FN:543,_RNCNCNvNtNtCsdH46pelqeeX_7nession6client10connection21kill_session_on_agent0s6_0B9_
FN:408,_RNCNCNvNtNtCsdH46pelqeeX_7nession6client10connection23create_session_on_agent00B9_
FN:440,_RNCNCNvNtNtCsdH46pelqeeX_7nession6client10connection23create_session_on_agent0s0_0B9_
FN:446,_RNCNCNvNtNtCsdH46pelqeeX_7nession6client10connection23create_session_on_agent0s1_0B9_
FN:447,_RNCNCNvNtNtCsdH46pelqeeX_7nession6client10connection23create_session_on_agent0s2_0B9_
FN:455,_RNCNCNvNtNtCsdH46pelqeeX_7nession6client10connection23create_session_on_agent0s3_0B9_
FN:456,_RNCNCNvNtNtCsdH46pelqeeX_7nession6client10connection23create_session_on_agent0s4_0B9_
FN:460,_RNCNCNvNtNtCsdH46pelqeeX_7nession6client10connection23create_session_on_agent0s5_0B9_
FN:461,_RNCNCNvNtNtCsdH46pelqeeX_7nession6client10connection23create_session_on_agent0s6_0B9_
FN:150,_RNCNvMNtNtCsdH46pelqeeX_7nession6client10connectionNtB4_16ClientConnection11list_agents0B8_
FN:85,_RNCNvMNtNtCsdH46pelqeeX_7nession6client10connectionNtB4_16ClientConnection12authenticate0B8_
FN:207,_RNCNvMNtNtCsdH46pelqeeX_7nession6client10connectionNtB4_16ClientConnection13list_sessions0B8_
FN:277,_RNCNvMNtNtCsdH46pelqeeX_7nession6client10connectionNtB4_16ClientConnection14request_attach0B8_
FN:365,_RNCNvMNtNtCsdH46pelqeeX_7nession6client10connectionNtB4_16ClientConnection5close0B8_
FN:64,_RNCNvMNtNtCsdH46pelqeeX_7nession6client10connectionNtB4_16ClientConnection7connect0B8_
FN:377,_RNCNvNtNtCsdH46pelqeeX_7nession6client10connection16connect_to_agent0B7_
FN:484,_RNCNvNtNtCsdH46pelqeeX_7nession6client10connection21kill_session_on_agent0B7_
FN:400,_RNCNvNtNtCsdH46pelqeeX_7nession6client10connection23create_session_on_agent0B7_
FN:150,_RNvMNtNtCsdH46pelqeeX_7nession6client10connectionNtB2_16ClientConnection11list_agents
FN:85,_RNvMNtNtCsdH46pelqeeX_7nession6client10connectionNtB2_16ClientConnection12authenticate
FN:207,_RNvMNtNtCsdH46pelqeeX_7nession6client10connectionNtB2_16ClientConnection13list_sessions
FN:273,_RNvMNtNtCsdH46pelqeeX_7nession6client10connectionNtB2_16ClientConnection14request_attach
FN:360,_RNvMNtNtCsdH46pelqeeX_7nession6client10connectionNtB2_16ClientConnection20into_relay_transport
FN:365,_RNvMNtNtCsdH46pelqeeX_7nession6client10connectionNtB2_16ClientConnection5close
FN:64,_RNvMNtNtCsdH46pelqeeX_7nession6client10connectionNtB2_16ClientConnection7connect
FN:375,_RNvNtNtCsdH46pelqeeX_7nession6client10connection16connect_to_agent
FN:484,_RNvNtNtCsdH46pelqeeX_7nession6client10connection21kill_session_on_agent
FN:395,_RNvNtNtCsdH46pelqeeX_7nession6client10connection23create_session_on_agent
FN:150,_RNvMNtNtCsctS2WNrzJ1k_7nession6client10connectionNtB2_16ClientConnection11list_agents
FN:85,_RNvMNtNtCsctS2WNrzJ1k_7nession6client10connectionNtB2_16ClientConnection12authenticate
FN:207,_RNvMNtNtCsctS2WNrzJ1k_7nession6client10connectionNtB2_16ClientConnection13list_sessions
FN:273,_RNvMNtNtCsctS2WNrzJ1k_7nession6client10connectionNtB2_16ClientConnection14request_attach
FN:360,_RNvMNtNtCsctS2WNrzJ1k_7nession6client10connectionNtB2_16ClientConnection20into_relay_transport
FN:365,_RNvMNtNtCsctS2WNrzJ1k_7nession6client10connectionNtB2_16ClientConnection5close
FN:64,_RNvMNtNtCsctS2WNrzJ1k_7nession6client10connectionNtB2_16ClientConnection7connect
FN:375,_RNvNtNtCsctS2WNrzJ1k_7nession6client10connection16connect_to_agent
FN:484,_RNvNtNtCsctS2WNrzJ1k_7nession6client10connection21kill_session_on_agent
FN:395,_RNvNtNtCsctS2WNrzJ1k_7nession6client10connection23create_session_on_agent
FN:568,_RNvNtNtNtCsctS2WNrzJ1k_7nession6client10connection5tests17start_mock_server
FN:837,_RNvNtNtNtCsctS2WNrzJ1k_7nession6client10connection5tests23start_mock_agent_server
FN:939,_RNvNtNtNtCsctS2WNrzJ1k_7nession6client10connection5testss_10test_close
FN:740,_RNvNtNtNtCsctS2WNrzJ1k_7nession6client10connection5testss_16test_list_agents
FN:758,_RNvNtNtNtCsctS2WNrzJ1k_7nession6client10connection5testss_18test_list_sessions
FN:792,_RNvNtNtNtCsctS2WNrzJ1k_7nession6client10connection5testss_23test_request_attach_p2p
FN:815,_RNvNtNtNtCsctS2WNrzJ1k_7nession6client10connection5testss_25test_request_attach_relay
FN:926,_RNvNtNtNtCsctS2WNrzJ1k_7nession6client10connection5testss_26test_kill_session_on_agent
FN:913,_RNvNtNtNtCsctS2WNrzJ1k_7nession6client10connection5testss_28test_create_session_on_agent
FN:776,_RNvNtNtNtCsctS2WNrzJ1k_7nession6client10connection5testss_36test_list_sessions_with_agent_filter
FN:724,_RNvNtNtNtCsctS2WNrzJ1k_7nession6client10connection5testss_37test_connect_and_authenticate_failure
FN:712,_RNvNtNtNtCsctS2WNrzJ1k_7nession6client10connection5testss_37test_connect_and_authenticate_success
FN:180,_RNCNCNvMNtNtCsctS2WNrzJ1k_7nession6client10connectionNtB6_16ClientConnection11list_agents00Ba_
FN:187,_RNCNCNvMNtNtCsctS2WNrzJ1k_7nession6client10connectionNtB6_16ClientConnection11list_agents0s_0Ba_
FN:113,_RNCNCNvMNtNtCsctS2WNrzJ1k_7nession6client10connectionNtB6_16ClientConnection12authenticate00Ba_
FN:120,_RNCNCNvMNtNtCsctS2WNrzJ1k_7nession6client10connectionNtB6_16ClientConnection12authenticate0s0_0Ba_
FN:124,_RNCNCNvMNtNtCsctS2WNrzJ1k_7nession6client10connectionNtB6_16ClientConnection12authenticate0s1_0Ba_
FN:125,_RNCNCNvMNtNtCsctS2WNrzJ1k_7nession6client10connectionNtB6_16ClientConnection12authenticate0s2_0Ba_
FN:119,_RNCNCNvMNtNtCsctS2WNrzJ1k_7nession6client10connectionNtB6_16ClientConnection12authenticate0s_0Ba_
FN:244,_RNCNCNvMNtNtCsctS2WNrzJ1k_7nession6client10connectionNtB6_16ClientConnection13list_sessions00Ba_
FN:251,_RNCNCNvMNtNtCsctS2WNrzJ1k_7nession6client10connectionNtB6_16ClientConnection13list_sessions0s_0Ba_
FN:310,_RNCNCNvMNtNtCsctS2WNrzJ1k_7nession6client10connectionNtB6_16ClientConnection14request_attach00Ba_
FN:322,_RNCNCNvMNtNtCsctS2WNrzJ1k_7nession6client10connectionNtB6_16ClientConnection14request_attach0s0_0Ba_
FN:327,_RNCNCNvMNtNtCsctS2WNrzJ1k_7nession6client10connectionNtB6_16ClientConnection14request_attach0s1_0Ba_
FN:328,_RNCNCNvMNtNtCsctS2WNrzJ1k_7nession6client10connectionNtB6_16ClientConnection14request_attach0s2_0Ba_
FN:335,_RNCNCNvMNtNtCsctS2WNrzJ1k_7nession6client10connectionNtB6_16ClientConnection14request_attach0s3_0Ba_
FN:336,_RNCNCNvMNtNtCsctS2WNrzJ1k_7nession6client10connectionNtB6_16ClientConnection14request_attach0s4_0Ba_
FN:321,_RNCNCNvMNtNtCsctS2WNrzJ1k_7nession6client10connectionNtB6_16ClientConnection14request_attach0s_0Ba_
FN:69,_RNCNCNvMNtNtCsctS2WNrzJ1k_7nession6client10connectionNtB6_16ClientConnection7connect00Ba_
FN:382,_RNCNCNvNtNtCsctS2WNrzJ1k_7nession6client10connection16connect_to_agent00B9_
FN:492,_RNCNCNvNtNtCsctS2WNrzJ1k_7nession6client10connection21kill_session_on_agent00B9_
FN:522,_RNCNCNvNtNtCsctS2WNrzJ1k_7nession6client10connection21kill_session_on_agent0s0_0B9_
FN:528,_RNCNCNvNtNtCsctS2WNrzJ1k_7nession6client10connection21kill_session_on_agent0s1_0B9_
FN:529,_RNCNCNvNtNtCsctS2WNrzJ1k_7nession6client10connection21kill_session_on_agent0s2_0B9_
FN:537,_RNCNCNvNtNtCsctS2WNrzJ1k_7nession6client10connection21kill_session_on_agent0s3_0B9_
FN:538,_RNCNCNvNtNtCsctS2WNrzJ1k_7nession6client10connection21kill_session_on_agent0s4_0B9_
FN:542,_RNCNCNvNtNtCsctS2WNrzJ1k_7nession6client10connection21kill_session_on_agent0s5_0B9_
FN:543,_RNCNCNvNtNtCsctS2WNrzJ1k_7nession6client10connection21kill_session_on_agent0s6_0B9_
FN:408,_RNCNCNvNtNtCsctS2WNrzJ1k_7nession6client10connection23create_session_on_agent00B9_
FN:440,_RNCNCNvNtNtCsctS2WNrzJ1k_7nession6client10connection23create_session_on_agent0s0_0B9_
FN:446,_RNCNCNvNtNtCsctS2WNrzJ1k_7nession6client10connection23create_session_on_agent0s1_0B9_
FN:447,_RNCNCNvNtNtCsctS2WNrzJ1k_7nession6client10connection23create_session_on_agent0s2_0B9_
FN:455,_RNCNCNvNtNtCsctS2WNrzJ1k_7nession6client10connection23create_session_on_agent0s3_0B9_
FN:456,_RNCNCNvNtNtCsctS2WNrzJ1k_7nession6client10connection23create_session_on_agent0s4_0B9_
FN:460,_RNCNCNvNtNtCsctS2WNrzJ1k_7nession6client10connection23create_session_on_agent0s5_0B9_
FN:461,_RNCNCNvNtNtCsctS2WNrzJ1k_7nession6client10connection23create_session_on_agent0s6_0B9_
FN:150,_RNCNvMNtNtCsctS2WNrzJ1k_7nession6client10connectionNtB4_16ClientConnection11list_agents0B8_
FN:85,_RNCNvMNtNtCsctS2WNrzJ1k_7nession6client10connectionNtB4_16ClientConnection12authenticate0B8_
FN:207,_RNCNvMNtNtCsctS2WNrzJ1k_7nession6client10connectionNtB4_16ClientConnection13list_sessions0B8_
FN:277,_RNCNvMNtNtCsctS2WNrzJ1k_7nession6client10connectionNtB4_16ClientConnection14request_attach0B8_
FN:365,_RNCNvMNtNtCsctS2WNrzJ1k_7nession6client10connectionNtB4_16ClientConnection5close0B8_
FN:64,_RNCNvMNtNtCsctS2WNrzJ1k_7nession6client10connectionNtB4_16ClientConnection7connect0B8_
FN:377,_RNCNvNtNtCsctS2WNrzJ1k_7nession6client10connection16connect_to_agent0B7_
FN:484,_RNCNvNtNtCsctS2WNrzJ1k_7nession6client10connection21kill_session_on_agent0B7_
FN:400,_RNCNvNtNtCsctS2WNrzJ1k_7nession6client10connection23create_session_on_agent0B7_
FN:585,_RNCNCNCNvNtNtNtCsctS2WNrzJ1k_7nession6client10connection5tests17start_mock_server000Bd_
FN:593,_RNCNCNCNvNtNtNtCsctS2WNrzJ1k_7nession6client10connection5tests17start_mock_server00s0_0Bd_
FN:660,_RNCNCNCNvNtNtNtCsctS2WNrzJ1k_7nession6client10connection5tests17start_mock_server00s1_0Bd_
FN:661,_RNCNCNCNvNtNtNtCsctS2WNrzJ1k_7nession6client10connection5tests17start_mock_server00s2_0Bd_
FN:592,_RNCNCNCNvNtNtNtCsctS2WNrzJ1k_7nession6client10connection5tests17start_mock_server00s_0Bd_
FN:854,_RNCNCNCNvNtNtNtCsctS2WNrzJ1k_7nession6client10connection5tests23start_mock_agent_server000Bd_
FN:862,_RNCNCNCNvNtNtNtCsctS2WNrzJ1k_7nession6client10connection5tests23start_mock_agent_server00s0_0Bd_
FN:877,_RNCNCNCNvNtNtNtCsctS2WNrzJ1k_7nession6client10connection5tests23start_mock_agent_server00s1_0Bd_
FN:878,_RNCNCNCNvNtNtNtCsctS2WNrzJ1k_7nession6client10connection5tests23start_mock_agent_server00s2_0Bd_
FN:861,_RNCNCNCNvNtNtNtCsctS2WNrzJ1k_7nession6client10connection5tests23start_mock_agent_server00s_0Bd_
FN:574,_RNCNCNvNtNtNtCsctS2WNrzJ1k_7nession6client10connection5tests17start_mock_server00Bb_
FN:843,_RNCNCNvNtNtNtCsctS2WNrzJ1k_7nession6client10connection5tests23start_mock_agent_server00Bb_
FN:568,_RNCNvNtNtNtCsctS2WNrzJ1k_7nession6client10connection5tests17start_mock_server0B9_
FN:837,_RNCNvNtNtNtCsctS2WNrzJ1k_7nession6client10connection5tests23start_mock_agent_server0B9_
FN:939,_RNCNvNtNtNtCsctS2WNrzJ1k_7nession6client10connection5testss_10test_close0B9_
FN:740,_RNCNvNtNtNtCsctS2WNrzJ1k_7nession6client10connection5testss_16test_list_agents0B9_
FN:758,_RNCNvNtNtNtCsctS2WNrzJ1k_7nession6client10connection5testss_18test_list_sessions0B9_
FN:792,_RNCNvNtNtNtCsctS2WNrzJ1k_7nession6client10connection5testss_23test_request_attach_p2p0B9_
FN:815,_RNCNvNtNtNtCsctS2WNrzJ1k_7nession6client10connection5testss_25test_request_attach_relay0B9_
FN:926,_RNCNvNtNtNtCsctS2WNrzJ1k_7nession6client10connection5testss_26test_kill_session_on_agent0B9_
FN:913,_RNCNvNtNtNtCsctS2WNrzJ1k_7nession6client10connection5testss_28test_create_session_on_agent0B9_
FN:776,_RNCNvNtNtNtCsctS2WNrzJ1k_7nession6client10connection5testss_36test_list_sessions_with_agent_filter0B9_
FN:724,_RNCNvNtNtNtCsctS2WNrzJ1k_7nession6client10connection5testss_37test_connect_and_authenticate_failure0B9_
FN:712,_RNCNvNtNtNtCsctS2WNrzJ1k_7nession6client10connection5testss_37test_connect_and_authenticate_success0B9_
FN:568,_RNvNtNtNtCs6XRaDyu0RI1_11nession_cli6client10connection5tests17start_mock_server
FN:837,_RNvNtNtNtCs6XRaDyu0RI1_11nession_cli6client10connection5tests23start_mock_agent_server
FN:939,_RNvNtNtNtCs6XRaDyu0RI1_11nession_cli6client10connection5testss_10test_close
FN:740,_RNvNtNtNtCs6XRaDyu0RI1_11nession_cli6client10connection5testss_16test_list_agents
FN:758,_RNvNtNtNtCs6XRaDyu0RI1_11nession_cli6client10connection5testss_18test_list_sessions
FN:792,_RNvNtNtNtCs6XRaDyu0RI1_11nession_cli6client10connection5testss_23test_request_attach_p2p
FN:815,_RNvNtNtNtCs6XRaDyu0RI1_11nession_cli6client10connection5testss_25test_request_attach_relay
FN:926,_RNvNtNtNtCs6XRaDyu0RI1_11nession_cli6client10connection5testss_26test_kill_session_on_agent
FN:913,_RNvNtNtNtCs6XRaDyu0RI1_11nession_cli6client10connection5testss_28test_create_session_on_agent
FN:776,_RNvNtNtNtCs6XRaDyu0RI1_11nession_cli6client10connection5testss_36test_list_sessions_with_agent_filter
FN:724,_RNvNtNtNtCs6XRaDyu0RI1_11nession_cli6client10connection5testss_37test_connect_and_authenticate_failure
FN:712,_RNvNtNtNtCs6XRaDyu0RI1_11nession_cli6client10connection5testss_37test_connect_and_authenticate_success
FN:585,_RNCNCNCNvNtNtNtCs6XRaDyu0RI1_11nession_cli6client10connection5tests17start_mock_server000Bd_
FN:593,_RNCNCNCNvNtNtNtCs6XRaDyu0RI1_11nession_cli6client10connection5tests17start_mock_server00s0_0Bd_
FN:660,_RNCNCNCNvNtNtNtCs6XRaDyu0RI1_11nession_cli6client10connection5tests17start_mock_server00s1_0Bd_
FN:661,_RNCNCNCNvNtNtNtCs6XRaDyu0RI1_11nession_cli6client10connection5tests17start_mock_server00s2_0Bd_
FN:592,_RNCNCNCNvNtNtNtCs6XRaDyu0RI1_11nession_cli6client10connection5tests17start_mock_server00s_0Bd_
FN:854,_RNCNCNCNvNtNtNtCs6XRaDyu0RI1_11nession_cli6client10connection5tests23start_mock_agent_server000Bd_
FN:862,_RNCNCNCNvNtNtNtCs6XRaDyu0RI1_11nession_cli6client10connection5tests23start_mock_agent_server00s0_0Bd_
FN:877,_RNCNCNCNvNtNtNtCs6XRaDyu0RI1_11nession_cli6client10connection5tests23start_mock_agent_server00s1_0Bd_
FN:878,_RNCNCNCNvNtNtNtCs6XRaDyu0RI1_11nession_cli6client10connection5tests23start_mock_agent_server00s2_0Bd_
FN:861,_RNCNCNCNvNtNtNtCs6XRaDyu0RI1_11nession_cli6client10connection5tests23start_mock_agent_server00s_0Bd_
FN:574,_RNCNCNvNtNtNtCs6XRaDyu0RI1_11nession_cli6client10connection5tests17start_mock_server00Bb_
FN:843,_RNCNCNvNtNtNtCs6XRaDyu0RI1_11nession_cli6client10connection5tests23start_mock_agent_server00Bb_
FN:568,_RNCNvNtNtNtCs6XRaDyu0RI1_11nession_cli6client10connection5tests17start_mock_server0B9_
FN:837,_RNCNvNtNtNtCs6XRaDyu0RI1_11nession_cli6client10connection5tests23start_mock_agent_server0B9_
FN:939,_RNCNvNtNtNtCs6XRaDyu0RI1_11nession_cli6client10connection5testss_10test_close0B9_
FN:740,_RNCNvNtNtNtCs6XRaDyu0RI1_11nession_cli6client10connection5testss_16test_list_agents0B9_
FN:758,_RNCNvNtNtNtCs6XRaDyu0RI1_11nession_cli6client10connection5testss_18test_list_sessions0B9_
FN:792,_RNCNvNtNtNtCs6XRaDyu0RI1_11nession_cli6client10connection5testss_23test_request_attach_p2p0B9_
FN:815,_RNCNvNtNtNtCs6XRaDyu0RI1_11nession_cli6client10connection5testss_25test_request_attach_relay0B9_
FN:926,_RNCNvNtNtNtCs6XRaDyu0RI1_11nession_cli6client10connection5testss_26test_kill_session_on_agent0B9_
FN:913,_RNCNvNtNtNtCs6XRaDyu0RI1_11nession_cli6client10connection5testss_28test_create_session_on_agent0B9_
FN:776,_RNCNvNtNtNtCs6XRaDyu0RI1_11nession_cli6client10connection5testss_36test_list_sessions_with_agent_filter0B9_
FN:724,_RNCNvNtNtNtCs6XRaDyu0RI1_11nession_cli6client10connection5testss_37test_connect_and_authenticate_failure0B9_
FN:712,_RNCNvNtNtNtCs6XRaDyu0RI1_11nession_cli6client10connection5testss_37test_connect_and_authenticate_success0B9_
FN:150,_RNvMNtNtCs6XRaDyu0RI1_11nession_cli6client10connectionNtB2_16ClientConnection11list_agents
FN:85,_RNvMNtNtCs6XRaDyu0RI1_11nession_cli6client10connectionNtB2_16ClientConnection12authenticate
FN:207,_RNvMNtNtCs6XRaDyu0RI1_11nession_cli6client10connectionNtB2_16ClientConnection13list_sessions
FN:273,_RNvMNtNtCs6XRaDyu0RI1_11nession_cli6client10connectionNtB2_16ClientConnection14request_attach
FN:360,_RNvMNtNtCs6XRaDyu0RI1_11nession_cli6client10connectionNtB2_16ClientConnection20into_relay_transport
FN:365,_RNvMNtNtCs6XRaDyu0RI1_11nession_cli6client10connectionNtB2_16ClientConnection5close
FN:64,_RNvMNtNtCs6XRaDyu0RI1_11nession_cli6client10connectionNtB2_16ClientConnection7connect
FN:375,_RNvNtNtCs6XRaDyu0RI1_11nession_cli6client10connection16connect_to_agent
FN:484,_RNvNtNtCs6XRaDyu0RI1_11nession_cli6client10connection21kill_session_on_agent
FN:395,_RNvNtNtCs6XRaDyu0RI1_11nession_cli6client10connection23create_session_on_agent
FN:180,_RNCNCNvMNtNtCs6XRaDyu0RI1_11nession_cli6client10connectionNtB6_16ClientConnection11list_agents00Ba_
FN:187,_RNCNCNvMNtNtCs6XRaDyu0RI1_11nession_cli6client10connectionNtB6_16ClientConnection11list_agents0s_0Ba_
FN:113,_RNCNCNvMNtNtCs6XRaDyu0RI1_11nession_cli6client10connectionNtB6_16ClientConnection12authenticate00Ba_
FN:120,_RNCNCNvMNtNtCs6XRaDyu0RI1_11nession_cli6client10connectionNtB6_16ClientConnection12authenticate0s0_0Ba_
FN:124,_RNCNCNvMNtNtCs6XRaDyu0RI1_11nession_cli6client10connectionNtB6_16ClientConnection12authenticate0s1_0Ba_
FN:125,_RNCNCNvMNtNtCs6XRaDyu0RI1_11nession_cli6client10connectionNtB6_16ClientConnection12authenticate0s2_0Ba_
FN:119,_RNCNCNvMNtNtCs6XRaDyu0RI1_11nession_cli6client10connectionNtB6_16ClientConnection12authenticate0s_0Ba_
FN:244,_RNCNCNvMNtNtCs6XRaDyu0RI1_11nession_cli6client10connectionNtB6_16ClientConnection13list_sessions00Ba_
FN:251,_RNCNCNvMNtNtCs6XRaDyu0RI1_11nession_cli6client10connectionNtB6_16ClientConnection13list_sessions0s_0Ba_
FN:310,_RNCNCNvMNtNtCs6XRaDyu0RI1_11nession_cli6client10connectionNtB6_16ClientConnection14request_attach00Ba_
FN:322,_RNCNCNvMNtNtCs6XRaDyu0RI1_11nession_cli6client10connectionNtB6_16ClientConnection14request_attach0s0_0Ba_
FN:327,_RNCNCNvMNtNtCs6XRaDyu0RI1_11nession_cli6client10connectionNtB6_16ClientConnection14request_attach0s1_0Ba_
FN:328,_RNCNCNvMNtNtCs6XRaDyu0RI1_11nession_cli6client10connectionNtB6_16ClientConnection14request_attach0s2_0Ba_
FN:335,_RNCNCNvMNtNtCs6XRaDyu0RI1_11nession_cli6client10connectionNtB6_16ClientConnection14request_attach0s3_0Ba_
FN:336,_RNCNCNvMNtNtCs6XRaDyu0RI1_11nession_cli6client10connectionNtB6_16ClientConnection14request_attach0s4_0Ba_
FN:321,_RNCNCNvMNtNtCs6XRaDyu0RI1_11nession_cli6client10connectionNtB6_16ClientConnection14request_attach0s_0Ba_
FN:69,_RNCNCNvMNtNtCs6XRaDyu0RI1_11nession_cli6client10connectionNtB6_16ClientConnection7connect00Ba_
FN:382,_RNCNCNvNtNtCs6XRaDyu0RI1_11nession_cli6client10connection16connect_to_agent00B9_
FN:492,_RNCNCNvNtNtCs6XRaDyu0RI1_11nession_cli6client10connection21kill_session_on_agent00B9_
FN:522,_RNCNCNvNtNtCs6XRaDyu0RI1_11nession_cli6client10connection21kill_session_on_agent0s0_0B9_
FN:528,_RNCNCNvNtNtCs6XRaDyu0RI1_11nession_cli6client10connection21kill_session_on_agent0s1_0B9_
FN:529,_RNCNCNvNtNtCs6XRaDyu0RI1_11nession_cli6client10connection21kill_session_on_agent0s2_0B9_
FN:537,_RNCNCNvNtNtCs6XRaDyu0RI1_11nession_cli6client10connection21kill_session_on_agent0s3_0B9_
FN:538,_RNCNCNvNtNtCs6XRaDyu0RI1_11nession_cli6client10connection21kill_session_on_agent0s4_0B9_
FN:542,_RNCNCNvNtNtCs6XRaDyu0RI1_11nession_cli6client10connection21kill_session_on_agent0s5_0B9_
FN:543,_RNCNCNvNtNtCs6XRaDyu0RI1_11nession_cli6client10connection21kill_session_on_agent0s6_0B9_
FN:408,_RNCNCNvNtNtCs6XRaDyu0RI1_11nession_cli6client10connection23create_session_on_agent00B9_
FN:440,_RNCNCNvNtNtCs6XRaDyu0RI1_11nession_cli6client10connection23create_session_on_agent0s0_0B9_
FN:446,_RNCNCNvNtNtCs6XRaDyu0RI1_11nession_cli6client10connection23create_session_on_agent0s1_0B9_
FN:447,_RNCNCNvNtNtCs6XRaDyu0RI1_11nession_cli6client10connection23create_session_on_agent0s2_0B9_
FN:455,_RNCNCNvNtNtCs6XRaDyu0RI1_11nession_cli6client10connection23create_session_on_agent0s3_0B9_
FN:456,_RNCNCNvNtNtCs6XRaDyu0RI1_11nession_cli6client10connection23create_session_on_agent0s4_0B9_
FN:460,_RNCNCNvNtNtCs6XRaDyu0RI1_11nession_cli6client10connection23create_session_on_agent0s5_0B9_
FN:461,_RNCNCNvNtNtCs6XRaDyu0RI1_11nession_cli6client10connection23create_session_on_agent0s6_0B9_
FN:150,_RNCNvMNtNtCs6XRaDyu0RI1_11nession_cli6client10connectionNtB4_16ClientConnection11list_agents0B8_
FN:85,_RNCNvMNtNtCs6XRaDyu0RI1_11nession_cli6client10connectionNtB4_16ClientConnection12authenticate0B8_
FN:207,_RNCNvMNtNtCs6XRaDyu0RI1_11nession_cli6client10connectionNtB4_16ClientConnection13list_sessions0B8_
FN:277,_RNCNvMNtNtCs6XRaDyu0RI1_11nession_cli6client10connectionNtB4_16ClientConnection14request_attach0B8_
FN:365,_RNCNvMNtNtCs6XRaDyu0RI1_11nession_cli6client10connectionNtB4_16ClientConnection5close0B8_
FN:64,_RNCNvMNtNtCs6XRaDyu0RI1_11nession_cli6client10connectionNtB4_16ClientConnection7connect0B8_
FN:377,_RNCNvNtNtCs6XRaDyu0RI1_11nession_cli6client10connection16connect_to_agent0B7_
FN:484,_RNCNvNtNtCs6XRaDyu0RI1_11nession_cli6client10connection21kill_session_on_agent0B7_
FN:400,_RNCNvNtNtCs6XRaDyu0RI1_11nession_cli6client10connection23create_session_on_agent0B7_
FNDA:0,_RNvMNtNtCsdPtMFPEf3D7_11nession_cli6client10connectionNtB2_16ClientConnection11list_agents
FNDA:5,_RNvMNtNtCsdPtMFPEf3D7_11nession_cli6client10connectionNtB2_16ClientConnection12authenticate
FNDA:0,_RNvMNtNtCsdPtMFPEf3D7_11nession_cli6client10connectionNtB2_16ClientConnection13list_sessions
FNDA:3,_RNvMNtNtCsdPtMFPEf3D7_11nession_cli6client10connectionNtB2_16ClientConnection14request_attach
FNDA:0,_RNvMNtNtCsdPtMFPEf3D7_11nession_cli6client10connectionNtB2_16ClientConnection20into_relay_transport
FNDA:0,_RNvMNtNtCsdPtMFPEf3D7_11nession_cli6client10connectionNtB2_16ClientConnection5close
FNDA:5,_RNvMNtNtCsdPtMFPEf3D7_11nession_cli6client10connectionNtB2_16ClientConnection7connect
FNDA:0,_RNvNtNtCsdPtMFPEf3D7_11nession_cli6client10connection16connect_to_agent
FNDA:0,_RNvNtNtCsdPtMFPEf3D7_11nession_cli6client10connection21kill_session_on_agent
FNDA:0,_RNvNtNtCsdPtMFPEf3D7_11nession_cli6client10connection23create_session_on_agent
FNDA:0,_RNCNCNvMNtNtCsdPtMFPEf3D7_11nession_cli6client10connectionNtB6_16ClientConnection11list_agents00Ba_
FNDA:0,_RNCNCNvMNtNtCsdPtMFPEf3D7_11nession_cli6client10connectionNtB6_16ClientConnection11list_agents0s_0Ba_
FNDA:5,_RNCNCNvMNtNtCsdPtMFPEf3D7_11nession_cli6client10connectionNtB6_16ClientConnection12authenticate00Ba_
FNDA:5,_RNCNCNvMNtNtCsdPtMFPEf3D7_11nession_cli6client10connectionNtB6_16ClientConnection12authenticate0s0_0Ba_
FNDA:5,_RNCNCNvMNtNtCsdPtMFPEf3D7_11nession_cli6client10connectionNtB6_16ClientConnection12authenticate0s1_0Ba_
FNDA:5,_RNCNCNvMNtNtCsdPtMFPEf3D7_11nession_cli6client10connectionNtB6_16ClientConnection12authenticate0s2_0Ba_
FNDA:5,_RNCNCNvMNtNtCsdPtMFPEf3D7_11nession_cli6client10connectionNtB6_16ClientConnection12authenticate0s_0Ba_
FNDA:0,_RNCNCNvMNtNtCsdPtMFPEf3D7_11nession_cli6client10connectionNtB6_16ClientConnection13list_sessions00Ba_
FNDA:0,_RNCNCNvMNtNtCsdPtMFPEf3D7_11nession_cli6client10connectionNtB6_16ClientConnection13list_sessions0s_0Ba_
FNDA:3,_RNCNCNvMNtNtCsdPtMFPEf3D7_11nession_cli6client10connectionNtB6_16ClientConnection14request_attach00Ba_
FNDA:3,_RNCNCNvMNtNtCsdPtMFPEf3D7_11nession_cli6client10connectionNtB6_16ClientConnection14request_attach0s0_0Ba_
FNDA:3,_RNCNCNvMNtNtCsdPtMFPEf3D7_11nession_cli6client10connectionNtB6_16ClientConnection14request_attach0s1_0Ba_
FNDA:3,_RNCNCNvMNtNtCsdPtMFPEf3D7_11nession_cli6client10connectionNtB6_16ClientConnection14request_attach0s2_0Ba_
FNDA:0,_RNCNCNvMNtNtCsdPtMFPEf3D7_11nession_cli6client10connectionNtB6_16ClientConnection14request_attach0s3_0Ba_
FNDA:0,_RNCNCNvMNtNtCsdPtMFPEf3D7_11nession_cli6client10connectionNtB6_16ClientConnection14request_attach0s4_0Ba_
FNDA:3,_RNCNCNvMNtNtCsdPtMFPEf3D7_11nession_cli6client10connectionNtB6_16ClientConnection14request_attach0s_0Ba_
FNDA:0,_RNCNCNvMNtNtCsdPtMFPEf3D7_11nession_cli6client10connectionNtB6_16ClientConnection7connect00Ba_
FNDA:0,_RNCNCNvNtNtCsdPtMFPEf3D7_11nession_cli6client10connection16connect_to_agent00B9_
FNDA:0,_RNCNCNvNtNtCsdPtMFPEf3D7_11nession_cli6client10connection21kill_session_on_agent00B9_
FNDA:0,_RNCNCNvNtNtCsdPtMFPEf3D7_11nession_cli6client10connection21kill_session_on_agent0s0_0B9_
FNDA:0,_RNCNCNvNtNtCsdPtMFPEf3D7_11nession_cli6client10connection21kill_session_on_agent0s1_0B9_
FNDA:0,_RNCNCNvNtNtCsdPtMFPEf3D7_11nession_cli6client10connection21kill_session_on_agent0s2_0B9_
FNDA:0,_RNCNCNvNtNtCsdPtMFPEf3D7_11nession_cli6client10connection21kill_session_on_agent0s3_0B9_
FNDA:0,_RNCNCNvNtNtCsdPtMFPEf3D7_11nession_cli6client10connection21kill_session_on_agent0s4_0B9_
FNDA:0,_RNCNCNvNtNtCsdPtMFPEf3D7_11nession_cli6client10connection21kill_session_on_agent0s5_0B9_
FNDA:0,_RNCNCNvNtNtCsdPtMFPEf3D7_11nession_cli6client10connection21kill_session_on_agent0s6_0B9_
FNDA:0,_RNCNCNvNtNtCsdPtMFPEf3D7_11nession_cli6client10connection23create_session_on_agent00B9_
FNDA:0,_RNCNCNvNtNtCsdPtMFPEf3D7_11nession_cli6client10connection23create_session_on_agent0s0_0B9_
FNDA:0,_RNCNCNvNtNtCsdPtMFPEf3D7_11nession_cli6client10connection23create_session_on_agent0s1_0B9_
FNDA:0,_RNCNCNvNtNtCsdPtMFPEf3D7_11nession_cli6client10connection23create_session_on_agent0s2_0B9_
FNDA:0,_RNCNCNvNtNtCsdPtMFPEf3D7_11nession_cli6client10connection23create_session_on_agent0s3_0B9_
FNDA:0,_RNCNCNvNtNtCsdPtMFPEf3D7_11nession_cli6client10connection23create_session_on_agent0s4_0B9_
FNDA:0,_RNCNCNvNtNtCsdPtMFPEf3D7_11nession_cli6client10connection23create_session_on_agent0s5_0B9_
FNDA:0,_RNCNCNvNtNtCsdPtMFPEf3D7_11nession_cli6client10connection23create_session_on_agent0s6_0B9_
FNDA:0,_RNCNvMNtNtCsdPtMFPEf3D7_11nession_cli6client10connectionNtB4_16ClientConnection11list_agents0B8_
FNDA:5,_RNCNvMNtNtCsdPtMFPEf3D7_11nession_cli6client10connectionNtB4_16ClientConnection12authenticate0B8_
FNDA:0,_RNCNvMNtNtCsdPtMFPEf3D7_11nession_cli6client10connectionNtB4_16ClientConnection13list_sessions0B8_
FNDA:3,_RNCNvMNtNtCsdPtMFPEf3D7_11nession_cli6client10connectionNtB4_16ClientConnection14request_attach0B8_
FNDA:0,_RNCNvMNtNtCsdPtMFPEf3D7_11nession_cli6client10connectionNtB4_16ClientConnection5close0B8_
FNDA:5,_RNCNvMNtNtCsdPtMFPEf3D7_11nession_cli6client10connectionNtB4_16ClientConnection7connect0B8_
FNDA:0,_RNCNvNtNtCsdPtMFPEf3D7_11nession_cli6client10connection16connect_to_agent0B7_
FNDA:0,_RNCNvNtNtCsdPtMFPEf3D7_11nession_cli6client10connection21kill_session_on_agent0B7_
FNDA:0,_RNCNvNtNtCsdPtMFPEf3D7_11nession_cli6client10connection23create_session_on_agent0B7_
FNDA:0,_RNCNCNvMNtNtCsdH46pelqeeX_7nession6client10connectionNtB6_16ClientConnection11list_agents00Ba_
FNDA:0,_RNCNCNvMNtNtCsdH46pelqeeX_7nession6client10connectionNtB6_16ClientConnection11list_agents0s_0Ba_
FNDA:0,_RNCNCNvMNtNtCsdH46pelqeeX_7nession6client10connectionNtB6_16ClientConnection12authenticate00Ba_
FNDA:0,_RNCNCNvMNtNtCsdH46pelqeeX_7nession6client10connectionNtB6_16ClientConnection12authenticate0s0_0Ba_
FNDA:0,_RNCNCNvMNtNtCsdH46pelqeeX_7nession6client10connectionNtB6_16ClientConnection12authenticate0s1_0Ba_
FNDA:0,_RNCNCNvMNtNtCsdH46pelqeeX_7nession6client10connectionNtB6_16ClientConnection12authenticate0s2_0Ba_
FNDA:0,_RNCNCNvMNtNtCsdH46pelqeeX_7nession6client10connectionNtB6_16ClientConnection12authenticate0s_0Ba_
FNDA:0,_RNCNCNvMNtNtCsdH46pelqeeX_7nession6client10connectionNtB6_16ClientConnection13list_sessions00Ba_
FNDA:0,_RNCNCNvMNtNtCsdH46pelqeeX_7nession6client10connectionNtB6_16ClientConnection13list_sessions0s_0Ba_
FNDA:0,_RNCNCNvMNtNtCsdH46pelqeeX_7nession6client10connectionNtB6_16ClientConnection14request_attach00Ba_
FNDA:0,_RNCNCNvMNtNtCsdH46pelqeeX_7nession6client10connectionNtB6_16ClientConnection14request_attach0s0_0Ba_
FNDA:0,_RNCNCNvMNtNtCsdH46pelqeeX_7nession6client10connectionNtB6_16ClientConnection14request_attach0s1_0Ba_
FNDA:0,_RNCNCNvMNtNtCsdH46pelqeeX_7nession6client10connectionNtB6_16ClientConnection14request_attach0s2_0Ba_
FNDA:0,_RNCNCNvMNtNtCsdH46pelqeeX_7nession6client10connectionNtB6_16ClientConnection14request_attach0s3_0Ba_
FNDA:0,_RNCNCNvMNtNtCsdH46pelqeeX_7nession6client10connectionNtB6_16ClientConnection14request_attach0s4_0Ba_
FNDA:0,_RNCNCNvMNtNtCsdH46pelqeeX_7nession6client10connectionNtB6_16ClientConnection14request_attach0s_0Ba_
FNDA:0,_RNCNCNvMNtNtCsdH46pelqeeX_7nession6client10connectionNtB6_16ClientConnection7connect00Ba_
FNDA:0,_RNCNCNvNtNtCsdH46pelqeeX_7nession6client10connection16connect_to_agent00B9_
FNDA:0,_RNCNCNvNtNtCsdH46pelqeeX_7nession6client10connection21kill_session_on_agent00B9_
FNDA:0,_RNCNCNvNtNtCsdH46pelqeeX_7nession6client10connection21kill_session_on_agent0s0_0B9_
FNDA:0,_RNCNCNvNtNtCsdH46pelqeeX_7nession6client10connection21kill_session_on_agent0s1_0B9_
FNDA:0,_RNCNCNvNtNtCsdH46pelqeeX_7nession6client10connection21kill_session_on_agent0s2_0B9_
FNDA:0,_RNCNCNvNtNtCsdH46pelqeeX_7nession6client10connection21kill_session_on_agent0s3_0B9_
FNDA:0,_RNCNCNvNtNtCsdH46pelqeeX_7nession6client10connection21kill_session_on_agent0s4_0B9_
FNDA:0,_RNCNCNvNtNtCsdH46pelqeeX_7nession6client10connection21kill_session_on_agent0s5_0B9_
FNDA:0,_RNCNCNvNtNtCsdH46pelqeeX_7nession6client10connection21kill_session_on_agent0s6_0B9_
FNDA:0,_RNCNCNvNtNtCsdH46pelqeeX_7nession6client10connection23create_session_on_agent00B9_
FNDA:0,_RNCNCNvNtNtCsdH46pelqeeX_7nession6client10connection23create_session_on_agent0s0_0B9_
FNDA:0,_RNCNCNvNtNtCsdH46pelqeeX_7nession6client10connection23create_session_on_agent0s1_0B9_
FNDA:0,_RNCNCNvNtNtCsdH46pelqeeX_7nession6client10connection23create_session_on_agent0s2_0B9_
FNDA:0,_RNCNCNvNtNtCsdH46pelqeeX_7nession6client10connection23create_session_on_agent0s3_0B9_
FNDA:0,_RNCNCNvNtNtCsdH46pelqeeX_7nession6client10connection23create_session_on_agent0s4_0B9_
FNDA:0,_RNCNCNvNtNtCsdH46pelqeeX_7nession6client10connection23create_session_on_agent0s5_0B9_
FNDA:0,_RNCNCNvNtNtCsdH46pelqeeX_7nession6client10connection23create_session_on_agent0s6_0B9_
FNDA:0,_RNCNvMNtNtCsdH46pelqeeX_7nession6client10connectionNtB4_16ClientConnection11list_agents0B8_
FNDA:0,_RNCNvMNtNtCsdH46pelqeeX_7nession6client10connectionNtB4_16ClientConnection12authenticate0B8_
FNDA:0,_RNCNvMNtNtCsdH46pelqeeX_7nession6client10connectionNtB4_16ClientConnection13list_sessions0B8_
FNDA:0,_RNCNvMNtNtCsdH46pelqeeX_7nession6client10connectionNtB4_16ClientConnection14request_attach0B8_
FNDA:0,_RNCNvMNtNtCsdH46pelqeeX_7nession6client10connectionNtB4_16ClientConnection5close0B8_
FNDA:0,_RNCNvMNtNtCsdH46pelqeeX_7nession6client10connectionNtB4_16ClientConnection7connect0B8_
FNDA:0,_RNCNvNtNtCsdH46pelqeeX_7nession6client10connection16connect_to_agent0B7_
FNDA:0,_RNCNvNtNtCsdH46pelqeeX_7nession6client10connection21kill_session_on_agent0B7_
FNDA:0,_RNCNvNtNtCsdH46pelqeeX_7nession6client10connection23create_session_on_agent0B7_
FNDA:0,_RNvMNtNtCsdH46pelqeeX_7nession6client10connectionNtB2_16ClientConnection11list_agents
FNDA:0,_RNvMNtNtCsdH46pelqeeX_7nession6client10connectionNtB2_16ClientConnection12authenticate
FNDA:0,_RNvMNtNtCsdH46pelqeeX_7nession6client10connectionNtB2_16ClientConnection13list_sessions
FNDA:0,_RNvMNtNtCsdH46pelqeeX_7nession6client10connectionNtB2_16ClientConnection14request_attach
FNDA:0,_RNvMNtNtCsdH46pelqeeX_7nession6client10connectionNtB2_16ClientConnection20into_relay_transport
FNDA:0,_RNvMNtNtCsdH46pelqeeX_7nession6client10connectionNtB2_16ClientConnection5close
FNDA:0,_RNvMNtNtCsdH46pelqeeX_7nession6client10connectionNtB2_16ClientConnection7connect
FNDA:0,_RNvNtNtCsdH46pelqeeX_7nession6client10connection16connect_to_agent
FNDA:0,_RNvNtNtCsdH46pelqeeX_7nession6client10connection21kill_session_on_agent
FNDA:0,_RNvNtNtCsdH46pelqeeX_7nession6client10connection23create_session_on_agent
FNDA:1,_RNvMNtNtCsctS2WNrzJ1k_7nession6client10connectionNtB2_16ClientConnection11list_agents
FNDA:8,_RNvMNtNtCsctS2WNrzJ1k_7nession6client10connectionNtB2_16ClientConnection12authenticate
FNDA:2,_RNvMNtNtCsctS2WNrzJ1k_7nession6client10connectionNtB2_16ClientConnection13list_sessions
FNDA:2,_RNvMNtNtCsctS2WNrzJ1k_7nession6client10connectionNtB2_16ClientConnection14request_attach
FNDA:0,_RNvMNtNtCsctS2WNrzJ1k_7nession6client10connectionNtB2_16ClientConnection20into_relay_transport
FNDA:1,_RNvMNtNtCsctS2WNrzJ1k_7nession6client10connectionNtB2_16ClientConnection5close
FNDA:8,_RNvMNtNtCsctS2WNrzJ1k_7nession6client10connectionNtB2_16ClientConnection7connect
FNDA:0,_RNvNtNtCsctS2WNrzJ1k_7nession6client10connection16connect_to_agent
FNDA:1,_RNvNtNtCsctS2WNrzJ1k_7nession6client10connection21kill_session_on_agent
FNDA:1,_RNvNtNtCsctS2WNrzJ1k_7nession6client10connection23create_session_on_agent
FNDA:8,_RNvNtNtNtCsctS2WNrzJ1k_7nession6client10connection5tests17start_mock_server
FNDA:2,_RNvNtNtNtCsctS2WNrzJ1k_7nession6client10connection5tests23start_mock_agent_server
FNDA:1,_RNvNtNtNtCsctS2WNrzJ1k_7nession6client10connection5testss_10test_close
FNDA:1,_RNvNtNtNtCsctS2WNrzJ1k_7nession6client10connection5testss_16test_list_agents
FNDA:1,_RNvNtNtNtCsctS2WNrzJ1k_7nession6client10connection5testss_18test_list_sessions
FNDA:1,_RNvNtNtNtCsctS2WNrzJ1k_7nession6client10connection5testss_23test_request_attach_p2p
FNDA:1,_RNvNtNtNtCsctS2WNrzJ1k_7nession6client10connection5testss_25test_request_attach_relay
FNDA:1,_RNvNtNtNtCsctS2WNrzJ1k_7nession6client10connection5testss_26test_kill_session_on_agent
FNDA:1,_RNvNtNtNtCsctS2WNrzJ1k_7nession6client10connection5testss_28test_create_session_on_agent
FNDA:1,_RNvNtNtNtCsctS2WNrzJ1k_7nession6client10connection5testss_36test_list_sessions_with_agent_filter
FNDA:1,_RNvNtNtNtCsctS2WNrzJ1k_7nession6client10connection5testss_37test_connect_and_authenticate_failure
FNDA:1,_RNvNtNtNtCsctS2WNrzJ1k_7nession6client10connection5testss_37test_connect_and_authenticate_success
FNDA:1,_RNCNCNvMNtNtCsctS2WNrzJ1k_7nession6client10connectionNtB6_16ClientConnection11list_agents00Ba_
FNDA:1,_RNCNCNvMNtNtCsctS2WNrzJ1k_7nession6client10connectionNtB6_16ClientConnection11list_agents0s_0Ba_
FNDA:8,_RNCNCNvMNtNtCsctS2WNrzJ1k_7nession6client10connectionNtB6_16ClientConnection12authenticate00Ba_
FNDA:8,_RNCNCNvMNtNtCsctS2WNrzJ1k_7nession6client10connectionNtB6_16ClientConnection12authenticate0s0_0Ba_
FNDA:8,_RNCNCNvMNtNtCsctS2WNrzJ1k_7nession6client10connectionNtB6_16ClientConnection12authenticate0s1_0Ba_
FNDA:8,_RNCNCNvMNtNtCsctS2WNrzJ1k_7nession6client10connectionNtB6_16ClientConnection12authenticate0s2_0Ba_
FNDA:8,_RNCNCNvMNtNtCsctS2WNrzJ1k_7nession6client10connectionNtB6_16ClientConnection12authenticate0s_0Ba_
FNDA:2,_RNCNCNvMNtNtCsctS2WNrzJ1k_7nession6client10connectionNtB6_16ClientConnection13list_sessions00Ba_
FNDA:2,_RNCNCNvMNtNtCsctS2WNrzJ1k_7nession6client10connectionNtB6_16ClientConnection13list_sessions0s_0Ba_
FNDA:2,_RNCNCNvMNtNtCsctS2WNrzJ1k_7nession6client10connectionNtB6_16ClientConnection14request_attach00Ba_
FNDA:2,_RNCNCNvMNtNtCsctS2WNrzJ1k_7nession6client10connectionNtB6_16ClientConnection14request_attach0s0_0Ba_
FNDA:0,_RNCNCNvMNtNtCsctS2WNrzJ1k_7nession6client10connectionNtB6_16ClientConnection14request_attach0s1_0Ba_
FNDA:0,_RNCNCNvMNtNtCsctS2WNrzJ1k_7nession6client10connectionNtB6_16ClientConnection14request_attach0s2_0Ba_
FNDA:2,_RNCNCNvMNtNtCsctS2WNrzJ1k_7nession6client10connectionNtB6_16ClientConnection14request_attach0s3_0Ba_
FNDA:2,_RNCNCNvMNtNtCsctS2WNrzJ1k_7nession6client10connectionNtB6_16ClientConnection14request_attach0s4_0Ba_
FNDA:2,_RNCNCNvMNtNtCsctS2WNrzJ1k_7nession6client10connectionNtB6_16ClientConnection14request_attach0s_0Ba_
FNDA:0,_RNCNCNvMNtNtCsctS2WNrzJ1k_7nession6client10connectionNtB6_16ClientConnection7connect00Ba_
FNDA:0,_RNCNCNvNtNtCsctS2WNrzJ1k_7nession6client10connection16connect_to_agent00B9_
FNDA:0,_RNCNCNvNtNtCsctS2WNrzJ1k_7nession6client10connection21kill_session_on_agent00B9_
FNDA:1,_RNCNCNvNtNtCsctS2WNrzJ1k_7nession6client10connection21kill_session_on_agent0s0_0B9_
FNDA:1,_RNCNCNvNtNtCsctS2WNrzJ1k_7nession6client10connection21kill_session_on_agent0s1_0B9_
FNDA:1,_RNCNCNvNtNtCsctS2WNrzJ1k_7nession6client10connection21kill_session_on_agent0s2_0B9_
FNDA:0,_RNCNCNvNtNtCsctS2WNrzJ1k_7nession6client10connection21kill_session_on_agent0s3_0B9_
FNDA:0,_RNCNCNvNtNtCsctS2WNrzJ1k_7nession6client10connection21kill_session_on_agent0s4_0B9_
FNDA:0,_RNCNCNvNtNtCsctS2WNrzJ1k_7nession6client10connection21kill_session_on_agent0s5_0B9_
FNDA:0,_RNCNCNvNtNtCsctS2WNrzJ1k_7nession6client10connection21kill_session_on_agent0s6_0B9_
FNDA:0,_RNCNCNvNtNtCsctS2WNrzJ1k_7nession6client10connection23create_session_on_agent00B9_
FNDA:1,_RNCNCNvNtNtCsctS2WNrzJ1k_7nession6client10connection23create_session_on_agent0s0_0B9_
FNDA:1,_RNCNCNvNtNtCsctS2WNrzJ1k_7nession6client10connection23create_session_on_agent0s1_0B9_
FNDA:1,_RNCNCNvNtNtCsctS2WNrzJ1k_7nession6client10connection23create_session_on_agent0s2_0B9_
FNDA:0,_RNCNCNvNtNtCsctS2WNrzJ1k_7nession6client10connection23create_session_on_agent0s3_0B9_
FNDA:0,_RNCNCNvNtNtCsctS2WNrzJ1k_7nession6client10connection23create_session_on_agent0s4_0B9_
FNDA:0,_RNCNCNvNtNtCsctS2WNrzJ1k_7nession6client10connection23create_session_on_agent0s5_0B9_
FNDA:0,_RNCNCNvNtNtCsctS2WNrzJ1k_7nession6client10connection23create_session_on_agent0s6_0B9_
FNDA:1,_RNCNvMNtNtCsctS2WNrzJ1k_7nession6client10connectionNtB4_16ClientConnection11list_agents0B8_
FNDA:8,_RNCNvMNtNtCsctS2WNrzJ1k_7nession6client10connectionNtB4_16ClientConnection12authenticate0B8_
FNDA:2,_RNCNvMNtNtCsctS2WNrzJ1k_7nession6client10connectionNtB4_16ClientConnection13list_sessions0B8_
FNDA:2,_RNCNvMNtNtCsctS2WNrzJ1k_7nession6client10connectionNtB4_16ClientConnection14request_attach0B8_
FNDA:1,_RNCNvMNtNtCsctS2WNrzJ1k_7nession6client10connectionNtB4_16ClientConnection5close0B8_
FNDA:8,_RNCNvMNtNtCsctS2WNrzJ1k_7nession6client10connectionNtB4_16ClientConnection7connect0B8_
FNDA:0,_RNCNvNtNtCsctS2WNrzJ1k_7nession6client10connection16connect_to_agent0B7_
FNDA:1,_RNCNvNtNtCsctS2WNrzJ1k_7nession6client10connection21kill_session_on_agent0B7_
FNDA:1,_RNCNvNtNtCsctS2WNrzJ1k_7nession6client10connection23create_session_on_agent0B7_
FNDA:13,_RNCNCNCNvNtNtNtCsctS2WNrzJ1k_7nession6client10connection5tests17start_mock_server000Bd_
FNDA:8,_RNCNCNCNvNtNtNtCsctS2WNrzJ1k_7nession6client10connection5tests17start_mock_server00s0_0Bd_
FNDA:2,_RNCNCNCNvNtNtNtCsctS2WNrzJ1k_7nession6client10connection5tests17start_mock_server00s1_0Bd_
FNDA:2,_RNCNCNCNvNtNtNtCsctS2WNrzJ1k_7nession6client10connection5tests17start_mock_server00s2_0Bd_
FNDA:8,_RNCNCNCNvNtNtNtCsctS2WNrzJ1k_7nession6client10connection5tests17start_mock_server00s_0Bd_
FNDA:2,_RNCNCNCNvNtNtNtCsctS2WNrzJ1k_7nession6client10connection5tests23start_mock_agent_server000Bd_
FNDA:1,_RNCNCNCNvNtNtNtCsctS2WNrzJ1k_7nession6client10connection5tests23start_mock_agent_server00s0_0Bd_
FNDA:1,_RNCNCNCNvNtNtNtCsctS2WNrzJ1k_7nession6client10connection5tests23start_mock_agent_server00s1_0Bd_
FNDA:1,_RNCNCNCNvNtNtNtCsctS2WNrzJ1k_7nession6client10connection5tests23start_mock_agent_server00s2_0Bd_
FNDA:1,_RNCNCNCNvNtNtNtCsctS2WNrzJ1k_7nession6client10connection5tests23start_mock_agent_server00s_0Bd_
FNDA:8,_RNCNCNvNtNtNtCsctS2WNrzJ1k_7nession6client10connection5tests17start_mock_server00Bb_
FNDA:2,_RNCNCNvNtNtNtCsctS2WNrzJ1k_7nession6client10connection5tests23start_mock_agent_server00Bb_
FNDA:8,_RNCNvNtNtNtCsctS2WNrzJ1k_7nession6client10connection5tests17start_mock_server0B9_
FNDA:2,_RNCNvNtNtNtCsctS2WNrzJ1k_7nession6client10connection5tests23start_mock_agent_server0B9_
FNDA:1,_RNCNvNtNtNtCsctS2WNrzJ1k_7nession6client10connection5testss_10test_close0B9_
FNDA:1,_RNCNvNtNtNtCsctS2WNrzJ1k_7nession6client10connection5testss_16test_list_agents0B9_
FNDA:1,_RNCNvNtNtNtCsctS2WNrzJ1k_7nession6client10connection5testss_18test_list_sessions0B9_
FNDA:1,_RNCNvNtNtNtCsctS2WNrzJ1k_7nession6client10connection5testss_23test_request_attach_p2p0B9_
FNDA:1,_RNCNvNtNtNtCsctS2WNrzJ1k_7nession6client10connection5testss_25test_request_attach_relay0B9_
FNDA:1,_RNCNvNtNtNtCsctS2WNrzJ1k_7nession6client10connection5testss_26test_kill_session_on_agent0B9_
FNDA:1,_RNCNvNtNtNtCsctS2WNrzJ1k_7nession6client10connection5testss_28test_create_session_on_agent0B9_
FNDA:1,_RNCNvNtNtNtCsctS2WNrzJ1k_7nession6client10connection5testss_36test_list_sessions_with_agent_filter0B9_
FNDA:1,_RNCNvNtNtNtCsctS2WNrzJ1k_7nession6client10connection5testss_37test_connect_and_authenticate_failure0B9_
FNDA:1,_RNCNvNtNtNtCsctS2WNrzJ1k_7nession6client10connection5testss_37test_connect_and_authenticate_success0B9_
FNDA:8,_RNvNtNtNtCs6XRaDyu0RI1_11nession_cli6client10connection5tests17start_mock_server
FNDA:2,_RNvNtNtNtCs6XRaDyu0RI1_11nession_cli6client10connection5tests23start_mock_agent_server
FNDA:1,_RNvNtNtNtCs6XRaDyu0RI1_11nession_cli6client10connection5testss_10test_close
FNDA:1,_RNvNtNtNtCs6XRaDyu0RI1_11nession_cli6client10connection5testss_16test_list_agents
FNDA:1,_RNvNtNtNtCs6XRaDyu0RI1_11nession_cli6client10connection5testss_18test_list_sessions
FNDA:1,_RNvNtNtNtCs6XRaDyu0RI1_11nession_cli6client10connection5testss_23test_request_attach_p2p
FNDA:1,_RNvNtNtNtCs6XRaDyu0RI1_11nession_cli6client10connection5testss_25test_request_attach_relay
FNDA:1,_RNvNtNtNtCs6XRaDyu0RI1_11nession_cli6client10connection5testss_26test_kill_session_on_agent
FNDA:1,_RNvNtNtNtCs6XRaDyu0RI1_11nession_cli6client10connection5testss_28test_create_session_on_agent
FNDA:1,_RNvNtNtNtCs6XRaDyu0RI1_11nession_cli6client10connection5testss_36test_list_sessions_with_agent_filter
FNDA:1,_RNvNtNtNtCs6XRaDyu0RI1_11nession_cli6client10connection5testss_37test_connect_and_authenticate_failure
FNDA:1,_RNvNtNtNtCs6XRaDyu0RI1_11nession_cli6client10connection5testss_37test_connect_and_authenticate_success
FNDA:13,_RNCNCNCNvNtNtNtCs6XRaDyu0RI1_11nession_cli6client10connection5tests17start_mock_server000Bd_
FNDA:8,_RNCNCNCNvNtNtNtCs6XRaDyu0RI1_11nession_cli6client10connection5tests17start_mock_server00s0_0Bd_
FNDA:2,_RNCNCNCNvNtNtNtCs6XRaDyu0RI1_11nession_cli6client10connection5tests17start_mock_server00s1_0Bd_
FNDA:2,_RNCNCNCNvNtNtNtCs6XRaDyu0RI1_11nession_cli6client10connection5tests17start_mock_server00s2_0Bd_
FNDA:8,_RNCNCNCNvNtNtNtCs6XRaDyu0RI1_11nession_cli6client10connection5tests17start_mock_server00s_0Bd_
FNDA:2,_RNCNCNCNvNtNtNtCs6XRaDyu0RI1_11nession_cli6client10connection5tests23start_mock_agent_server000Bd_
FNDA:1,_RNCNCNCNvNtNtNtCs6XRaDyu0RI1_11nession_cli6client10connection5tests23start_mock_agent_server00s0_0Bd_
FNDA:1,_RNCNCNCNvNtNtNtCs6XRaDyu0RI1_11nession_cli6client10connection5tests23start_mock_agent_server00s1_0Bd_
FNDA:1,_RNCNCNCNvNtNtNtCs6XRaDyu0RI1_11nession_cli6client10connection5tests23start_mock_agent_server00s2_0Bd_
FNDA:1,_RNCNCNCNvNtNtNtCs6XRaDyu0RI1_11nession_cli6client10connection5tests23start_mock_agent_server00s_0Bd_
FNDA:8,_RNCNCNvNtNtNtCs6XRaDyu0RI1_11nession_cli6client10connection5tests17start_mock_server00Bb_
FNDA:2,_RNCNCNvNtNtNtCs6XRaDyu0RI1_11nession_cli6client10connection5tests23start_mock_agent_server00Bb_
FNDA:8,_RNCNvNtNtNtCs6XRaDyu0RI1_11nession_cli6client10connection5tests17start_mock_server0B9_
FNDA:2,_RNCNvNtNtNtCs6XRaDyu0RI1_11nession_cli6client10connection5tests23start_mock_agent_server0B9_
FNDA:1,_RNCNvNtNtNtCs6XRaDyu0RI1_11nession_cli6client10connection5testss_10test_close0B9_
FNDA:1,_RNCNvNtNtNtCs6XRaDyu0RI1_11nession_cli6client10connection5testss_16test_list_agents0B9_
FNDA:1,_RNCNvNtNtNtCs6XRaDyu0RI1_11nession_cli6client10connection5testss_18test_list_sessions0B9_
FNDA:1,_RNCNvNtNtNtCs6XRaDyu0RI1_11nession_cli6client10connection5testss_23test_request_attach_p2p0B9_
FNDA:1,_RNCNvNtNtNtCs6XRaDyu0RI1_11nession_cli6client10connection5testss_25test_request_attach_relay0B9_
FNDA:1,_RNCNvNtNtNtCs6XRaDyu0RI1_11nession_cli6client10connection5testss_26test_kill_session_on_agent0B9_
FNDA:1,_RNCNvNtNtNtCs6XRaDyu0RI1_11nession_cli6client10connection5testss_28test_create_session_on_agent0B9_
FNDA:1,_RNCNvNtNtNtCs6XRaDyu0RI1_11nession_cli6client10connection5testss_36test_list_sessions_with_agent_filter0B9_
FNDA:1,_RNCNvNtNtNtCs6XRaDyu0RI1_11nession_cli6client10connection5testss_37test_connect_and_authenticate_failure0B9_
FNDA:1,_RNCNvNtNtNtCs6XRaDyu0RI1_11nession_cli6client10connection5testss_37test_connect_and_authenticate_success0B9_
FNDA:1,_RNvMNtNtCs6XRaDyu0RI1_11nession_cli6client10connectionNtB2_16ClientConnection11list_agents
FNDA:8,_RNvMNtNtCs6XRaDyu0RI1_11nession_cli6client10connectionNtB2_16ClientConnection12authenticate
FNDA:2,_RNvMNtNtCs6XRaDyu0RI1_11nession_cli6client10connectionNtB2_16ClientConnection13list_sessions
FNDA:2,_RNvMNtNtCs6XRaDyu0RI1_11nession_cli6client10connectionNtB2_16ClientConnection14request_attach
FNDA:0,_RNvMNtNtCs6XRaDyu0RI1_11nession_cli6client10connectionNtB2_16ClientConnection20into_relay_transport
FNDA:1,_RNvMNtNtCs6XRaDyu0RI1_11nession_cli6client10connectionNtB2_16ClientConnection5close
FNDA:8,_RNvMNtNtCs6XRaDyu0RI1_11nession_cli6client10connectionNtB2_16ClientConnection7connect
FNDA:0,_RNvNtNtCs6XRaDyu0RI1_11nession_cli6client10connection16connect_to_agent
FNDA:1,_RNvNtNtCs6XRaDyu0RI1_11nession_cli6client10connection21kill_session_on_agent
FNDA:1,_RNvNtNtCs6XRaDyu0RI1_11nession_cli6client10connection23create_session_on_agent
FNDA:1,_RNCNCNvMNtNtCs6XRaDyu0RI1_11nession_cli6client10connectionNtB6_16ClientConnection11list_agents00Ba_
FNDA:1,_RNCNCNvMNtNtCs6XRaDyu0RI1_11nession_cli6client10connectionNtB6_16ClientConnection11list_agents0s_0Ba_
FNDA:8,_RNCNCNvMNtNtCs6XRaDyu0RI1_11nession_cli6client10connectionNtB6_16ClientConnection12authenticate00Ba_
FNDA:8,_RNCNCNvMNtNtCs6XRaDyu0RI1_11nession_cli6client10connectionNtB6_16ClientConnection12authenticate0s0_0Ba_
FNDA:8,_RNCNCNvMNtNtCs6XRaDyu0RI1_11nession_cli6client10connectionNtB6_16ClientConnection12authenticate0s1_0Ba_
FNDA:8,_RNCNCNvMNtNtCs6XRaDyu0RI1_11nession_cli6client10connectionNtB6_16ClientConnection12authenticate0s2_0Ba_
FNDA:8,_RNCNCNvMNtNtCs6XRaDyu0RI1_11nession_cli6client10connectionNtB6_16ClientConnection12authenticate0s_0Ba_
FNDA:2,_RNCNCNvMNtNtCs6XRaDyu0RI1_11nession_cli6client10connectionNtB6_16ClientConnection13list_sessions00Ba_
FNDA:2,_RNCNCNvMNtNtCs6XRaDyu0RI1_11nession_cli6client10connectionNtB6_16ClientConnection13list_sessions0s_0Ba_
FNDA:2,_RNCNCNvMNtNtCs6XRaDyu0RI1_11nession_cli6client10connectionNtB6_16ClientConnection14request_attach00Ba_
FNDA:2,_RNCNCNvMNtNtCs6XRaDyu0RI1_11nession_cli6client10connectionNtB6_16ClientConnection14request_attach0s0_0Ba_
FNDA:0,_RNCNCNvMNtNtCs6XRaDyu0RI1_11nession_cli6client10connectionNtB6_16ClientConnection14request_attach0s1_0Ba_
FNDA:0,_RNCNCNvMNtNtCs6XRaDyu0RI1_11nession_cli6client10connectionNtB6_16ClientConnection14request_attach0s2_0Ba_
FNDA:2,_RNCNCNvMNtNtCs6XRaDyu0RI1_11nession_cli6client10connectionNtB6_16ClientConnection14request_attach0s3_0Ba_
FNDA:2,_RNCNCNvMNtNtCs6XRaDyu0RI1_11nession_cli6client10connectionNtB6_16ClientConnection14request_attach0s4_0Ba_
FNDA:2,_RNCNCNvMNtNtCs6XRaDyu0RI1_11nession_cli6client10connectionNtB6_16ClientConnection14request_attach0s_0Ba_
FNDA:0,_RNCNCNvMNtNtCs6XRaDyu0RI1_11nession_cli6client10connectionNtB6_16ClientConnection7connect00Ba_
FNDA:0,_RNCNCNvNtNtCs6XRaDyu0RI1_11nession_cli6client10connection16connect_to_agent00B9_
FNDA:0,_RNCNCNvNtNtCs6XRaDyu0RI1_11nession_cli6client10connection21kill_session_on_agent00B9_
FNDA:1,_RNCNCNvNtNtCs6XRaDyu0RI1_11nession_cli6client10connection21kill_session_on_agent0s0_0B9_
FNDA:1,_RNCNCNvNtNtCs6XRaDyu0RI1_11nession_cli6client10connection21kill_session_on_agent0s1_0B9_
FNDA:1,_RNCNCNvNtNtCs6XRaDyu0RI1_11nession_cli6client10connection21kill_session_on_agent0s2_0B9_
FNDA:0,_RNCNCNvNtNtCs6XRaDyu0RI1_11nession_cli6client10connection21kill_session_on_agent0s3_0B9_
FNDA:0,_RNCNCNvNtNtCs6XRaDyu0RI1_11nession_cli6client10connection21kill_session_on_agent0s4_0B9_
FNDA:0,_RNCNCNvNtNtCs6XRaDyu0RI1_11nession_cli6client10connection21kill_session_on_agent0s5_0B9_
FNDA:0,_RNCNCNvNtNtCs6XRaDyu0RI1_11nession_cli6client10connection21kill_session_on_agent0s6_0B9_
FNDA:0,_RNCNCNvNtNtCs6XRaDyu0RI1_11nession_cli6client10connection23create_session_on_agent00B9_
FNDA:1,_RNCNCNvNtNtCs6XRaDyu0RI1_11nession_cli6client10connection23create_session_on_agent0s0_0B9_
FNDA:1,_RNCNCNvNtNtCs6XRaDyu0RI1_11nession_cli6client10connection23create_session_on_agent0s1_0B9_
FNDA:1,_RNCNCNvNtNtCs6XRaDyu0RI1_11nession_cli6client10connection23create_session_on_agent0s2_0B9_
FNDA:0,_RNCNCNvNtNtCs6XRaDyu0RI1_11nession_cli6client10connection23create_session_on_agent0s3_0B9_
FNDA:0,_RNCNCNvNtNtCs6XRaDyu0RI1_11nession_cli6client10connection23create_session_on_agent0s4_0B9_
FNDA:0,_RNCNCNvNtNtCs6XRaDyu0RI1_11nession_cli6client10connection23create_session_on_agent0s5_0B9_
FNDA:0,_RNCNCNvNtNtCs6XRaDyu0RI1_11nession_cli6client10connection23create_session_on_agent0s6_0B9_
FNDA:1,_RNCNvMNtNtCs6XRaDyu0RI1_11nession_cli6client10connectionNtB4_16ClientConnection11list_agents0B8_
FNDA:8,_RNCNvMNtNtCs6XRaDyu0RI1_11nession_cli6client10connectionNtB4_16ClientConnection12authenticate0B8_
FNDA:2,_RNCNvMNtNtCs6XRaDyu0RI1_11nession_cli6client10connectionNtB4_16ClientConnection13list_sessions0B8_
FNDA:2,_RNCNvMNtNtCs6XRaDyu0RI1_11nession_cli6client10connectionNtB4_16ClientConnection14request_attach0B8_
FNDA:1,_RNCNvMNtNtCs6XRaDyu0RI1_11nession_cli6client10connectionNtB4_16ClientConnection5close0B8_
FNDA:8,_RNCNvMNtNtCs6XRaDyu0RI1_11nession_cli6client10connectionNtB4_16ClientConnection7connect0B8_
FNDA:0,_RNCNvNtNtCs6XRaDyu0RI1_11nession_cli6client10connection16connect_to_agent0B7_
FNDA:1,_RNCNvNtNtCs6XRaDyu0RI1_11nession_cli6client10connection21kill_session_on_agent0B7_
FNDA:1,_RNCNvNtNtCs6XRaDyu0RI1_11nession_cli6client10connection23create_session_on_agent0B7_
FNF:89
FNH:74
DA:64,21
DA:65,21
DA:67,21
DA:68,21
DA:69,21
DA:71,21
DA:73,21
DA:74,21
DA:75,21
DA:76,21
DA:79,21
DA:81,18
DA:82,21
DA:85,21
DA:86,21
DA:88,21
DA:90,21
DA:92,21
DA:93,21
DA:94,21
DA:95,21
DA:96,21
DA:97,21
DA:101,21
DA:102,21
DA:103,21
DA:104,21
DA:107,21
DA:108,21
DA:109,21
DA:110,21
DA:111,21
DA:112,21
DA:113,21
DA:114,21
DA:116,21
DA:117,21
DA:118,21
DA:119,21
DA:120,21
DA:121,21
DA:122,21
DA:123,21
DA:124,21
DA:125,21
DA:126,21
DA:128,21
DA:129,18
DA:130,18
DA:131,18
DA:133,3
DA:136,0
DA:141,0
DA:142,0
DA:145,0
DA:147,21
DA:150,2
DA:151,2
DA:152,0
DA:153,2
DA:155,2
DA:157,2
DA:159,2
DA:161,2
DA:162,2
DA:163,2
DA:164,2
DA:165,2
DA:168,2
DA:169,2
DA:170,2
DA:171,2
DA:174,2
DA:175,2
DA:176,2
DA:177,2
DA:178,2
DA:179,2
DA:180,2
DA:181,2
DA:183,2
DA:184,2
DA:185,2
DA:186,2
DA:187,2
DA:188,2
DA:189,2
DA:190,0
DA:191,2
DA:193,0
DA:198,0
DA:199,0
DA:202,0
DA:204,2
DA:207,4
DA:208,4
DA:209,0
DA:210,4
DA:212,4
DA:214,4
DA:216,4
DA:218,4
DA:219,4
DA:220,2
DA:221,2
DA:222,2
DA:223,2
DA:225,4
DA:226,4
DA:227,4
DA:228,4
DA:229,4
DA:232,4
DA:233,4
DA:234,4
DA:235,4
DA:238,4
DA:239,4
DA:240,4
DA:241,4
DA:242,4
DA:243,4
DA:244,4
DA:245,4
DA:247,4
DA:248,4
DA:249,4
DA:250,4
DA:251,4
DA:252,4
DA:253,4
DA:254,0
DA:255,4
DA:257,0
DA:262,0
DA:263,0
DA:266,0
DA:268,4
DA:273,7
DA:274,7
DA:275,7
DA:276,7
DA:277,7
DA:278,7
DA:279,0
DA:280,7
DA:282,7
DA:284,7
DA:286,7
DA:288,7
DA:289,7
DA:290,7
DA:291,7
DA:292,7
DA:293,7
DA:294,7
DA:298,7
DA:299,7
DA:300,7
DA:301,7
DA:304,7
DA:305,7
DA:306,7
DA:307,7
DA:308,7
DA:309,7
DA:310,7
DA:311,7
DA:313,7
DA:314,0
DA:317,7
DA:319,7
DA:320,7
DA:321,7
DA:322,7
DA:323,7
DA:324,7
DA:325,3
DA:326,3
DA:327,3
DA:328,3
DA:329,3
DA:330,3
DA:331,4
DA:333,4
DA:334,4
DA:335,4
DA:336,4
DA:337,4
DA:338,4
DA:339,2
DA:341,2
DA:342,2
DA:343,2
DA:344,2
DA:345,2
DA:346,0
DA:347,2
DA:350,0
DA:351,0
DA:354,0
DA:356,7
DA:360,0
DA:361,0
DA:362,0
DA:365,2
DA:366,2
DA:367,2
DA:368,2
DA:369,2
DA:375,0
DA:376,0
DA:377,0
DA:378,0
DA:380,0
DA:381,0
DA:382,0
DA:384,0
DA:385,0
DA:386,0
DA:395,2
DA:396,2
DA:397,2
DA:398,2
DA:399,2
DA:400,2
DA:403,2
DA:404,2
DA:406,2
DA:407,2
DA:408,2
DA:410,2
DA:412,2
DA:414,2
DA:416,2
DA:417,2
DA:418,2
DA:419,2
DA:420,2
DA:421,2
DA:422,2
DA:423,2
DA:427,2
DA:428,2
DA:429,2
DA:430,2
DA:431,2
DA:434,2
DA:435,2
DA:436,2
DA:437,2
DA:438,2
DA:439,2
DA:440,2
DA:441,2
DA:443,2
DA:444,2
DA:445,2
DA:446,2
DA:447,2
DA:448,2
DA:449,2
DA:450,2
DA:451,2
DA:452,0
DA:453,0
DA:454,0
DA:455,0
DA:456,0
DA:457,0
DA:458,0
DA:459,0
DA:460,0
DA:461,0
DA:462,0
DA:463,0
DA:465,0
DA:470,0
DA:471,0
DA:474,0
DA:476,2
DA:484,2
DA:487,2
DA:488,2
DA:490,2
DA:491,2
DA:492,2
DA:494,2
DA:496,2
DA:498,2
DA:500,2
DA:501,2
DA:502,2
DA:503,2
DA:504,2
DA:505,2
DA:509,2
DA:510,2
DA:511,2
DA:512,2
DA:513,2
DA:516,2
DA:517,2
DA:518,2
DA:519,2
DA:520,2
DA:521,2
DA:522,2
DA:523,2
DA:525,2
DA:526,2
DA:527,2
DA:528,2
DA:529,2
DA:530,2
DA:531,2
DA:532,2
DA:533,2
DA:534,0
DA:535,0
DA:536,0
DA:537,0
DA:538,0
DA:539,0
DA:540,0
DA:541,0
DA:542,0
DA:543,0
DA:544,0
DA:545,0
DA:547,0
DA:552,0
DA:553,0
DA:556,0
DA:558,2
DA:568,16
DA:569,16
DA:570,16
DA:571,16
DA:572,16
DA:574,16
DA:575,16
DA:576,16
DA:577,16
DA:580,42
DA:581,26
DA:582,26
DA:583,26
DA:584,26
DA:585,26
DA:586,26
DA:588,26
DA:589,26
DA:590,16
DA:591,16
DA:592,16
DA:593,16
DA:594,16
DA:596,16
DA:597,14
DA:598,14
DA:599,14
DA:600,14
DA:601,14
DA:602,14
DA:603,14
DA:607,2
DA:608,2
DA:609,2
DA:610,2
DA:611,2
DA:612,2
DA:613,2
DA:618,10
DA:619,2
DA:620,2
DA:621,2
DA:622,2
DA:623,2
DA:624,2
DA:626,2
DA:627,2
DA:628,2
DA:629,2
DA:630,2
DA:631,2
DA:632,2
DA:638,8
DA:639,4
DA:640,4
DA:641,4
DA:642,4
DA:643,4
DA:644,4
DA:646,4
DA:647,4
DA:648,4
DA:649,4
DA:650,4
DA:651,4
DA:657,4
DA:658,4
DA:659,4
DA:660,4
DA:661,4
DA:662,4
DA:664,4
DA:665,2
DA:666,2
DA:667,2
DA:668,2
DA:669,2
DA:670,2
DA:671,2
DA:675,2
DA:676,2
DA:677,2
DA:678,2
DA:679,2
DA:680,2
DA:681,2
DA:682,2
DA:683,2
DA:684,2
DA:690,0
DA:691,0
DA:692,0
DA:693,0
DA:694,0
DA:695,0
DA:696,0
DA:702,26
DA:703,0
DA:705,0
DA:706,0
DA:708,16
DA:709,16
DA:712,2
DA:713,2
DA:714,2
DA:715,2
DA:717,2
DA:718,2
DA:720,2
DA:721,2
DA:724,2
DA:725,2
DA:726,2
DA:727,2
DA:729,2
DA:730,2
DA:731,2
DA:732,2
DA:733,2
DA:734,2
DA:736,2
DA:737,2
DA:740,2
DA:741,2
DA:742,2
DA:743,2
DA:745,2
DA:746,2
DA:747,2
DA:749,2
DA:750,2
DA:751,2
DA:752,2
DA:754,2
DA:755,2
DA:758,2
DA:759,2
DA:760,2
DA:761,2
DA:763,2
DA:764,2
DA:765,2
DA:767,2
DA:768,2
DA:769,2
DA:770,2
DA:772,2
DA:773,2
DA:776,2
DA:777,2
DA:778,2
DA:779,2
DA:781,2
DA:782,2
DA:783,2
DA:785,2
DA:786,2
DA:788,2
DA:789,2
DA:792,2
DA:793,2
DA:794,2
DA:795,2
DA:797,2
DA:798,2
DA:799,2
DA:801,2
DA:802,2
DA:803,2
DA:804,2
DA:805,2
DA:806,2
DA:807,2
DA:808,2
DA:809,2
DA:810,2
DA:811,2
DA:812,2
DA:815,2
DA:816,2
DA:817,2
DA:818,2
DA:820,2
DA:821,2
DA:822,2
DA:824,2
DA:825,2
DA:826,2
DA:827,2
DA:828,2
DA:829,2
DA:830,2
DA:831,2
DA:832,2
DA:833,2
DA:834,2
DA:837,4
DA:838,4
DA:839,4
DA:840,4
DA:841,4
DA:843,4
DA:844,4
DA:845,4
DA:846,4
DA:849,8
DA:850,4
DA:851,4
DA:852,4
DA:853,4
DA:854,4
DA:855,4
DA:857,4
DA:858,4
DA:859,2
DA:860,2
DA:861,2
DA:862,2
DA:863,2
DA:865,2
DA:866,2
DA:867,2
DA:868,2
DA:869,2
DA:870,2
DA:874,2
DA:875,2
DA:876,2
DA:877,2
DA:878,2
DA:879,2
DA:881,2
DA:882,2
DA:883,2
DA:884,2
DA:885,2
DA:886,2
DA:891,0
DA:892,0
DA:893,0
DA:894,0
DA:895,0
DA:896,0
DA:897,0
DA:903,4
DA:904,0
DA:906,0
DA:907,0
DA:909,4
DA:910,4
DA:913,2
DA:914,2
DA:915,2
DA:916,2
DA:918,2
DA:919,2
DA:920,2
DA:922,2
DA:923,2
DA:926,2
DA:927,2
DA:928,2
DA:929,2
DA:931,2
DA:932,2
DA:933,2
DA:935,2
DA:936,2
DA:939,2
DA:940,2
DA:941,2
DA:942,2
DA:944,2
DA:945,2
DA:946,2
DA:948,2
DA:949,2
DA:951,2
DA:952,2
BRF:0
BRH:0
LF:700
LH:592
end_of_record
SF:/Users/admin/Documents/learn/nession/.claude/worktrees/feat-cli-self-update/crates/nession-cli/src/commands/agent.rs
FN:450,_RNvNtNtCsdPtMFPEf3D7_11nession_cli8commands5agent12extract_port
FN:432,_RNvNtNtCsdPtMFPEf3D7_11nession_cli8commands5agent12get_hostname
FN:439,_RNvNtNtCsdPtMFPEf3D7_11nession_cli8commands5agent14get_ip_address
FN:458,_RNvNtNtCsdPtMFPEf3D7_11nession_cli8commands5agent16get_tmux_version
FN:215,_RNvNtNtCsdPtMFPEf3D7_11nession_cli8commands5agent17load_agent_config
FN:403,_RNvNtNtCsdPtMFPEf3D7_11nession_cli8commands5agent17wait_for_shutdown
FN:229,_RNvNtNtCsdPtMFPEf3D7_11nession_cli8commands5agent20run_agent_foreground
FN:105,_RNvNtNtCsdPtMFPEf3D7_11nession_cli8commands5agent4stop
FN:13,_RNvNtNtCsdPtMFPEf3D7_11nession_cli8commands5agent5start
FN:177,_RNvNtNtCsdPtMFPEf3D7_11nession_cli8commands5agent6status
FN:384,_RNvNtNtCsdPtMFPEf3D7_11nession_cli8commands5agent8load_tls
FN:464,_RNCNCNvNtNtCsdPtMFPEf3D7_11nession_cli8commands5agent16get_tmux_version00B9_
FN:471,_RNCNCNvNtNtCsdPtMFPEf3D7_11nession_cli8commands5agent16get_tmux_version0s_0B9_
FN:234,_RNCNCNvNtNtCsdPtMFPEf3D7_11nession_cli8commands5agent20run_agent_foreground00B9_
FN:349,_RNCNCNvNtNtCsdPtMFPEf3D7_11nession_cli8commands5agent20run_agent_foreground0s0_0B9_
FN:331,_RNCNCNvNtNtCsdPtMFPEf3D7_11nession_cli8commands5agent20run_agent_foreground0s_0B9_
FN:68,_RNCNCNvNtNtCsdPtMFPEf3D7_11nession_cli8commands5agent5start00B9_
FN:453,_RNCNvNtNtCsdPtMFPEf3D7_11nession_cli8commands5agent12extract_port0B7_
FN:434,_RNCNvNtNtCsdPtMFPEf3D7_11nession_cli8commands5agent12get_hostname0B7_
FN:435,_RNCNvNtNtCsdPtMFPEf3D7_11nession_cli8commands5agent12get_hostnames_0B7_
FN:441,_RNCNvNtNtCsdPtMFPEf3D7_11nession_cli8commands5agent14get_ip_address0B7_
FN:446,_RNCNvNtNtCsdPtMFPEf3D7_11nession_cli8commands5agent14get_ip_addresss0_0B7_
FN:445,_RNCNvNtNtCsdPtMFPEf3D7_11nession_cli8commands5agent14get_ip_addresss_0B7_
FN:458,_RNCNvNtNtCsdPtMFPEf3D7_11nession_cli8commands5agent16get_tmux_version0B7_
FN:218,_RNCNvNtNtCsdPtMFPEf3D7_11nession_cli8commands5agent17load_agent_config0B7_
FN:220,_RNCNvNtNtCsdPtMFPEf3D7_11nession_cli8commands5agent17load_agent_configs_0B7_
FN:403,_RNCNvNtNtCsdPtMFPEf3D7_11nession_cli8commands5agent17wait_for_shutdown0B7_
FN:229,_RNCNvNtNtCsdPtMFPEf3D7_11nession_cli8commands5agent20run_agent_foreground0B7_
FN:105,_RNCNvNtNtCsdPtMFPEf3D7_11nession_cli8commands5agent4stop0B7_
FN:13,_RNCNvNtNtCsdPtMFPEf3D7_11nession_cli8commands5agent5start0B7_
FN:177,_RNCNvNtNtCsdPtMFPEf3D7_11nession_cli8commands5agent6status0B7_
FN:464,_RNCNCNvNtNtCsdH46pelqeeX_7nession8commands5agent16get_tmux_version00B9_
FN:471,_RNCNCNvNtNtCsdH46pelqeeX_7nession8commands5agent16get_tmux_version0s_0B9_
FN:234,_RNCNCNvNtNtCsdH46pelqeeX_7nession8commands5agent20run_agent_foreground00B9_
FN:349,_RNCNCNvNtNtCsdH46pelqeeX_7nession8commands5agent20run_agent_foreground0s0_0B9_
FN:331,_RNCNCNvNtNtCsdH46pelqeeX_7nession8commands5agent20run_agent_foreground0s_0B9_
FN:68,_RNCNCNvNtNtCsdH46pelqeeX_7nession8commands5agent5start00B9_
FN:453,_RNCNvNtNtCsdH46pelqeeX_7nession8commands5agent12extract_port0B7_
FN:434,_RNCNvNtNtCsdH46pelqeeX_7nession8commands5agent12get_hostname0B7_
FN:435,_RNCNvNtNtCsdH46pelqeeX_7nession8commands5agent12get_hostnames_0B7_
FN:441,_RNCNvNtNtCsdH46pelqeeX_7nession8commands5agent14get_ip_address0B7_
FN:446,_RNCNvNtNtCsdH46pelqeeX_7nession8commands5agent14get_ip_addresss0_0B7_
FN:445,_RNCNvNtNtCsdH46pelqeeX_7nession8commands5agent14get_ip_addresss_0B7_
FN:458,_RNCNvNtNtCsdH46pelqeeX_7nession8commands5agent16get_tmux_version0B7_
FN:218,_RNCNvNtNtCsdH46pelqeeX_7nession8commands5agent17load_agent_config0B7_
FN:220,_RNCNvNtNtCsdH46pelqeeX_7nession8commands5agent17load_agent_configs_0B7_
FN:403,_RNCNvNtNtCsdH46pelqeeX_7nession8commands5agent17wait_for_shutdown0B7_
FN:229,_RNCNvNtNtCsdH46pelqeeX_7nession8commands5agent20run_agent_foreground0B7_
FN:105,_RNCNvNtNtCsdH46pelqeeX_7nession8commands5agent4stop0B7_
FN:13,_RNCNvNtNtCsdH46pelqeeX_7nession8commands5agent5start0B7_
FN:177,_RNCNvNtNtCsdH46pelqeeX_7nession8commands5agent6status0B7_
FN:450,_RNvNtNtCsdH46pelqeeX_7nession8commands5agent12extract_port
FN:432,_RNvNtNtCsdH46pelqeeX_7nession8commands5agent12get_hostname
FN:439,_RNvNtNtCsdH46pelqeeX_7nession8commands5agent14get_ip_address
FN:458,_RNvNtNtCsdH46pelqeeX_7nession8commands5agent16get_tmux_version
FN:215,_RNvNtNtCsdH46pelqeeX_7nession8commands5agent17load_agent_config
FN:403,_RNvNtNtCsdH46pelqeeX_7nession8commands5agent17wait_for_shutdown
FN:229,_RNvNtNtCsdH46pelqeeX_7nession8commands5agent20run_agent_foreground
FN:105,_RNvNtNtCsdH46pelqeeX_7nession8commands5agent4stop
FN:13,_RNvNtNtCsdH46pelqeeX_7nession8commands5agent5start
FN:177,_RNvNtNtCsdH46pelqeeX_7nession8commands5agent6status
FN:384,_RNvNtNtCsdH46pelqeeX_7nession8commands5agent8load_tls
FN:464,_RNCNCNvNtNtCsctS2WNrzJ1k_7nession8commands5agent16get_tmux_version00B9_
FN:471,_RNCNCNvNtNtCsctS2WNrzJ1k_7nession8commands5agent16get_tmux_version0s_0B9_
FN:234,_RNCNCNvNtNtCsctS2WNrzJ1k_7nession8commands5agent20run_agent_foreground00B9_
FN:349,_RNCNCNvNtNtCsctS2WNrzJ1k_7nession8commands5agent20run_agent_foreground0s0_0B9_
FN:331,_RNCNCNvNtNtCsctS2WNrzJ1k_7nession8commands5agent20run_agent_foreground0s_0B9_
FN:68,_RNCNCNvNtNtCsctS2WNrzJ1k_7nession8commands5agent5start00B9_
FN:453,_RNCNvNtNtCsctS2WNrzJ1k_7nession8commands5agent12extract_port0B7_
FN:434,_RNCNvNtNtCsctS2WNrzJ1k_7nession8commands5agent12get_hostname0B7_
FN:435,_RNCNvNtNtCsctS2WNrzJ1k_7nession8commands5agent12get_hostnames_0B7_
FN:441,_RNCNvNtNtCsctS2WNrzJ1k_7nession8commands5agent14get_ip_address0B7_
FN:446,_RNCNvNtNtCsctS2WNrzJ1k_7nession8commands5agent14get_ip_addresss0_0B7_
FN:445,_RNCNvNtNtCsctS2WNrzJ1k_7nession8commands5agent14get_ip_addresss_0B7_
FN:458,_RNCNvNtNtCsctS2WNrzJ1k_7nession8commands5agent16get_tmux_version0B7_
FN:218,_RNCNvNtNtCsctS2WNrzJ1k_7nession8commands5agent17load_agent_config0B7_
FN:220,_RNCNvNtNtCsctS2WNrzJ1k_7nession8commands5agent17load_agent_configs_0B7_
FN:403,_RNCNvNtNtCsctS2WNrzJ1k_7nession8commands5agent17wait_for_shutdown0B7_
FN:229,_RNCNvNtNtCsctS2WNrzJ1k_7nession8commands5agent20run_agent_foreground0B7_
FN:105,_RNCNvNtNtCsctS2WNrzJ1k_7nession8commands5agent4stop0B7_
FN:13,_RNCNvNtNtCsctS2WNrzJ1k_7nession8commands5agent5start0B7_
FN:177,_RNCNvNtNtCsctS2WNrzJ1k_7nession8commands5agent6status0B7_
FN:105,_RNvNtNtCsctS2WNrzJ1k_7nession8commands5agent4stop
FN:13,_RNvNtNtCsctS2WNrzJ1k_7nession8commands5agent5start
FN:177,_RNvNtNtCsctS2WNrzJ1k_7nession8commands5agent6status
FN:450,_RNvNtNtCsctS2WNrzJ1k_7nession8commands5agent12extract_port
FN:432,_RNvNtNtCsctS2WNrzJ1k_7nession8commands5agent12get_hostname
FN:439,_RNvNtNtCsctS2WNrzJ1k_7nession8commands5agent14get_ip_address
FN:458,_RNvNtNtCsctS2WNrzJ1k_7nession8commands5agent16get_tmux_version
FN:215,_RNvNtNtCsctS2WNrzJ1k_7nession8commands5agent17load_agent_config
FN:403,_RNvNtNtCsctS2WNrzJ1k_7nession8commands5agent17wait_for_shutdown
FN:229,_RNvNtNtCsctS2WNrzJ1k_7nession8commands5agent20run_agent_foreground
FN:384,_RNvNtNtCsctS2WNrzJ1k_7nession8commands5agent8load_tls
FN:105,_RNvNtNtCs6XRaDyu0RI1_11nession_cli8commands5agent4stop
FN:13,_RNvNtNtCs6XRaDyu0RI1_11nession_cli8commands5agent5start
FN:177,_RNvNtNtCs6XRaDyu0RI1_11nession_cli8commands5agent6status
FN:450,_RNvNtNtCs6XRaDyu0RI1_11nession_cli8commands5agent12extract_port
FN:432,_RNvNtNtCs6XRaDyu0RI1_11nession_cli8commands5agent12get_hostname
FN:439,_RNvNtNtCs6XRaDyu0RI1_11nession_cli8commands5agent14get_ip_address
FN:458,_RNvNtNtCs6XRaDyu0RI1_11nession_cli8commands5agent16get_tmux_version
FN:215,_RNvNtNtCs6XRaDyu0RI1_11nession_cli8commands5agent17load_agent_config
FN:403,_RNvNtNtCs6XRaDyu0RI1_11nession_cli8commands5agent17wait_for_shutdown
FN:229,_RNvNtNtCs6XRaDyu0RI1_11nession_cli8commands5agent20run_agent_foreground
FN:384,_RNvNtNtCs6XRaDyu0RI1_11nession_cli8commands5agent8load_tls
FN:464,_RNCNCNvNtNtCs6XRaDyu0RI1_11nession_cli8commands5agent16get_tmux_version00B9_
FN:471,_RNCNCNvNtNtCs6XRaDyu0RI1_11nession_cli8commands5agent16get_tmux_version0s_0B9_
FN:234,_RNCNCNvNtNtCs6XRaDyu0RI1_11nession_cli8commands5agent20run_agent_foreground00B9_
FN:349,_RNCNCNvNtNtCs6XRaDyu0RI1_11nession_cli8commands5agent20run_agent_foreground0s0_0B9_
FN:331,_RNCNCNvNtNtCs6XRaDyu0RI1_11nession_cli8commands5agent20run_agent_foreground0s_0B9_
FN:68,_RNCNCNvNtNtCs6XRaDyu0RI1_11nession_cli8commands5agent5start00B9_
FN:453,_RNCNvNtNtCs6XRaDyu0RI1_11nession_cli8commands5agent12extract_port0B7_
FN:434,_RNCNvNtNtCs6XRaDyu0RI1_11nession_cli8commands5agent12get_hostname0B7_
FN:435,_RNCNvNtNtCs6XRaDyu0RI1_11nession_cli8commands5agent12get_hostnames_0B7_
FN:441,_RNCNvNtNtCs6XRaDyu0RI1_11nession_cli8commands5agent14get_ip_address0B7_
FN:446,_RNCNvNtNtCs6XRaDyu0RI1_11nession_cli8commands5agent14get_ip_addresss0_0B7_
FN:445,_RNCNvNtNtCs6XRaDyu0RI1_11nession_cli8commands5agent14get_ip_addresss_0B7_
FN:458,_RNCNvNtNtCs6XRaDyu0RI1_11nession_cli8commands5agent16get_tmux_version0B7_
FN:218,_RNCNvNtNtCs6XRaDyu0RI1_11nession_cli8commands5agent17load_agent_config0B7_
FN:220,_RNCNvNtNtCs6XRaDyu0RI1_11nession_cli8commands5agent17load_agent_configs_0B7_
FN:403,_RNCNvNtNtCs6XRaDyu0RI1_11nession_cli8commands5agent17wait_for_shutdown0B7_
FN:229,_RNCNvNtNtCs6XRaDyu0RI1_11nession_cli8commands5agent20run_agent_foreground0B7_
FN:105,_RNCNvNtNtCs6XRaDyu0RI1_11nession_cli8commands5agent4stop0B7_
FN:13,_RNCNvNtNtCs6XRaDyu0RI1_11nession_cli8commands5agent5start0B7_
FN:177,_RNCNvNtNtCs6XRaDyu0RI1_11nession_cli8commands5agent6status0B7_
FNDA:0,_RNvNtNtCsdPtMFPEf3D7_11nession_cli8commands5agent12extract_port
FNDA:0,_RNvNtNtCsdPtMFPEf3D7_11nession_cli8commands5agent12get_hostname
FNDA:0,_RNvNtNtCsdPtMFPEf3D7_11nession_cli8commands5agent14get_ip_address
FNDA:0,_RNvNtNtCsdPtMFPEf3D7_11nession_cli8commands5agent16get_tmux_version
FNDA:0,_RNvNtNtCsdPtMFPEf3D7_11nession_cli8commands5agent17load_agent_config
FNDA:0,_RNvNtNtCsdPtMFPEf3D7_11nession_cli8commands5agent17wait_for_shutdown
FNDA:0,_RNvNtNtCsdPtMFPEf3D7_11nession_cli8commands5agent20run_agent_foreground
FNDA:0,_RNvNtNtCsdPtMFPEf3D7_11nession_cli8commands5agent4stop
FNDA:0,_RNvNtNtCsdPtMFPEf3D7_11nession_cli8commands5agent5start
FNDA:0,_RNvNtNtCsdPtMFPEf3D7_11nession_cli8commands5agent6status
FNDA:0,_RNvNtNtCsdPtMFPEf3D7_11nession_cli8commands5agent8load_tls
FNDA:0,_RNCNCNvNtNtCsdPtMFPEf3D7_11nession_cli8commands5agent16get_tmux_version00B9_
FNDA:0,_RNCNCNvNtNtCsdPtMFPEf3D7_11nession_cli8commands5agent16get_tmux_version0s_0B9_
FNDA:0,_RNCNCNvNtNtCsdPtMFPEf3D7_11nession_cli8commands5agent20run_agent_foreground00B9_
FNDA:0,_RNCNCNvNtNtCsdPtMFPEf3D7_11nession_cli8commands5agent20run_agent_foreground0s0_0B9_
FNDA:0,_RNCNCNvNtNtCsdPtMFPEf3D7_11nession_cli8commands5agent20run_agent_foreground0s_0B9_
FNDA:0,_RNCNCNvNtNtCsdPtMFPEf3D7_11nession_cli8commands5agent5start00B9_
FNDA:0,_RNCNvNtNtCsdPtMFPEf3D7_11nession_cli8commands5agent12extract_port0B7_
FNDA:0,_RNCNvNtNtCsdPtMFPEf3D7_11nession_cli8commands5agent12get_hostname0B7_
FNDA:0,_RNCNvNtNtCsdPtMFPEf3D7_11nession_cli8commands5agent12get_hostnames_0B7_
FNDA:0,_RNCNvNtNtCsdPtMFPEf3D7_11nession_cli8commands5agent14get_ip_address0B7_
FNDA:0,_RNCNvNtNtCsdPtMFPEf3D7_11nession_cli8commands5agent14get_ip_addresss0_0B7_
FNDA:0,_RNCNvNtNtCsdPtMFPEf3D7_11nession_cli8commands5agent14get_ip_addresss_0B7_
FNDA:0,_RNCNvNtNtCsdPtMFPEf3D7_11nession_cli8commands5agent16get_tmux_version0B7_
FNDA:0,_RNCNvNtNtCsdPtMFPEf3D7_11nession_cli8commands5agent17load_agent_config0B7_
FNDA:0,_RNCNvNtNtCsdPtMFPEf3D7_11nession_cli8commands5agent17load_agent_configs_0B7_
FNDA:0,_RNCNvNtNtCsdPtMFPEf3D7_11nession_cli8commands5agent17wait_for_shutdown0B7_
FNDA:0,_RNCNvNtNtCsdPtMFPEf3D7_11nession_cli8commands5agent20run_agent_foreground0B7_
FNDA:0,_RNCNvNtNtCsdPtMFPEf3D7_11nession_cli8commands5agent4stop0B7_
FNDA:0,_RNCNvNtNtCsdPtMFPEf3D7_11nession_cli8commands5agent5start0B7_
FNDA:0,_RNCNvNtNtCsdPtMFPEf3D7_11nession_cli8commands5agent6status0B7_
FNDA:0,_RNCNCNvNtNtCsdH46pelqeeX_7nession8commands5agent16get_tmux_version00B9_
FNDA:0,_RNCNCNvNtNtCsdH46pelqeeX_7nession8commands5agent16get_tmux_version0s_0B9_
FNDA:0,_RNCNCNvNtNtCsdH46pelqeeX_7nession8commands5agent20run_agent_foreground00B9_
FNDA:0,_RNCNCNvNtNtCsdH46pelqeeX_7nession8commands5agent20run_agent_foreground0s0_0B9_
FNDA:0,_RNCNCNvNtNtCsdH46pelqeeX_7nession8commands5agent20run_agent_foreground0s_0B9_
FNDA:0,_RNCNCNvNtNtCsdH46pelqeeX_7nession8commands5agent5start00B9_
FNDA:0,_RNCNvNtNtCsdH46pelqeeX_7nession8commands5agent12extract_port0B7_
FNDA:0,_RNCNvNtNtCsdH46pelqeeX_7nession8commands5agent12get_hostname0B7_
FNDA:0,_RNCNvNtNtCsdH46pelqeeX_7nession8commands5agent12get_hostnames_0B7_
FNDA:0,_RNCNvNtNtCsdH46pelqeeX_7nession8commands5agent14get_ip_address0B7_
FNDA:0,_RNCNvNtNtCsdH46pelqeeX_7nession8commands5agent14get_ip_addresss0_0B7_
FNDA:0,_RNCNvNtNtCsdH46pelqeeX_7nession8commands5agent14get_ip_addresss_0B7_
FNDA:0,_RNCNvNtNtCsdH46pelqeeX_7nession8commands5agent16get_tmux_version0B7_
FNDA:0,_RNCNvNtNtCsdH46pelqeeX_7nession8commands5agent17load_agent_config0B7_
FNDA:0,_RNCNvNtNtCsdH46pelqeeX_7nession8commands5agent17load_agent_configs_0B7_
FNDA:0,_RNCNvNtNtCsdH46pelqeeX_7nession8commands5agent17wait_for_shutdown0B7_
FNDA:0,_RNCNvNtNtCsdH46pelqeeX_7nession8commands5agent20run_agent_foreground0B7_
FNDA:0,_RNCNvNtNtCsdH46pelqeeX_7nession8commands5agent4stop0B7_
FNDA:0,_RNCNvNtNtCsdH46pelqeeX_7nession8commands5agent5start0B7_
FNDA:0,_RNCNvNtNtCsdH46pelqeeX_7nession8commands5agent6status0B7_
FNDA:0,_RNvNtNtCsdH46pelqeeX_7nession8commands5agent12extract_port
FNDA:0,_RNvNtNtCsdH46pelqeeX_7nession8commands5agent12get_hostname
FNDA:0,_RNvNtNtCsdH46pelqeeX_7nession8commands5agent14get_ip_address
FNDA:0,_RNvNtNtCsdH46pelqeeX_7nession8commands5agent16get_tmux_version
FNDA:0,_RNvNtNtCsdH46pelqeeX_7nession8commands5agent17load_agent_config
FNDA:0,_RNvNtNtCsdH46pelqeeX_7nession8commands5agent17wait_for_shutdown
FNDA:0,_RNvNtNtCsdH46pelqeeX_7nession8commands5agent20run_agent_foreground
FNDA:0,_RNvNtNtCsdH46pelqeeX_7nession8commands5agent4stop
FNDA:0,_RNvNtNtCsdH46pelqeeX_7nession8commands5agent5start
FNDA:0,_RNvNtNtCsdH46pelqeeX_7nession8commands5agent6status
FNDA:0,_RNvNtNtCsdH46pelqeeX_7nession8commands5agent8load_tls
FNDA:0,_RNCNCNvNtNtCsctS2WNrzJ1k_7nession8commands5agent16get_tmux_version00B9_
FNDA:0,_RNCNCNvNtNtCsctS2WNrzJ1k_7nession8commands5agent16get_tmux_version0s_0B9_
FNDA:0,_RNCNCNvNtNtCsctS2WNrzJ1k_7nession8commands5agent20run_agent_foreground00B9_
FNDA:0,_RNCNCNvNtNtCsctS2WNrzJ1k_7nession8commands5agent20run_agent_foreground0s0_0B9_
FNDA:0,_RNCNCNvNtNtCsctS2WNrzJ1k_7nession8commands5agent20run_agent_foreground0s_0B9_
FNDA:0,_RNCNCNvNtNtCsctS2WNrzJ1k_7nession8commands5agent5start00B9_
FNDA:0,_RNCNvNtNtCsctS2WNrzJ1k_7nession8commands5agent12extract_port0B7_
FNDA:0,_RNCNvNtNtCsctS2WNrzJ1k_7nession8commands5agent12get_hostname0B7_
FNDA:0,_RNCNvNtNtCsctS2WNrzJ1k_7nession8commands5agent12get_hostnames_0B7_
FNDA:0,_RNCNvNtNtCsctS2WNrzJ1k_7nession8commands5agent14get_ip_address0B7_
FNDA:0,_RNCNvNtNtCsctS2WNrzJ1k_7nession8commands5agent14get_ip_addresss0_0B7_
FNDA:0,_RNCNvNtNtCsctS2WNrzJ1k_7nession8commands5agent14get_ip_addresss_0B7_
FNDA:0,_RNCNvNtNtCsctS2WNrzJ1k_7nession8commands5agent16get_tmux_version0B7_
FNDA:0,_RNCNvNtNtCsctS2WNrzJ1k_7nession8commands5agent17load_agent_config0B7_
FNDA:0,_RNCNvNtNtCsctS2WNrzJ1k_7nession8commands5agent17load_agent_configs_0B7_
FNDA:0,_RNCNvNtNtCsctS2WNrzJ1k_7nession8commands5agent17wait_for_shutdown0B7_
FNDA:0,_RNCNvNtNtCsctS2WNrzJ1k_7nession8commands5agent20run_agent_foreground0B7_
FNDA:0,_RNCNvNtNtCsctS2WNrzJ1k_7nession8commands5agent4stop0B7_
FNDA:0,_RNCNvNtNtCsctS2WNrzJ1k_7nession8commands5agent5start0B7_
FNDA:0,_RNCNvNtNtCsctS2WNrzJ1k_7nession8commands5agent6status0B7_
FNDA:0,_RNvNtNtCsctS2WNrzJ1k_7nession8commands5agent4stop
FNDA:0,_RNvNtNtCsctS2WNrzJ1k_7nession8commands5agent5start
FNDA:0,_RNvNtNtCsctS2WNrzJ1k_7nession8commands5agent6status
FNDA:0,_RNvNtNtCsctS2WNrzJ1k_7nession8commands5agent12extract_port
FNDA:0,_RNvNtNtCsctS2WNrzJ1k_7nession8commands5agent12get_hostname
FNDA:0,_RNvNtNtCsctS2WNrzJ1k_7nession8commands5agent14get_ip_address
FNDA:0,_RNvNtNtCsctS2WNrzJ1k_7nession8commands5agent16get_tmux_version
FNDA:0,_RNvNtNtCsctS2WNrzJ1k_7nession8commands5agent17load_agent_config
FNDA:0,_RNvNtNtCsctS2WNrzJ1k_7nession8commands5agent17wait_for_shutdown
FNDA:0,_RNvNtNtCsctS2WNrzJ1k_7nession8commands5agent20run_agent_foreground
FNDA:0,_RNvNtNtCsctS2WNrzJ1k_7nession8commands5agent8load_tls
FNDA:0,_RNvNtNtCs6XRaDyu0RI1_11nession_cli8commands5agent4stop
FNDA:0,_RNvNtNtCs6XRaDyu0RI1_11nession_cli8commands5agent5start
FNDA:0,_RNvNtNtCs6XRaDyu0RI1_11nession_cli8commands5agent6status
FNDA:0,_RNvNtNtCs6XRaDyu0RI1_11nession_cli8commands5agent12extract_port
FNDA:0,_RNvNtNtCs6XRaDyu0RI1_11nession_cli8commands5agent12get_hostname
FNDA:0,_RNvNtNtCs6XRaDyu0RI1_11nession_cli8commands5agent14get_ip_address
FNDA:0,_RNvNtNtCs6XRaDyu0RI1_11nession_cli8commands5agent16get_tmux_version
FNDA:0,_RNvNtNtCs6XRaDyu0RI1_11nession_cli8commands5agent17load_agent_config
FNDA:0,_RNvNtNtCs6XRaDyu0RI1_11nession_cli8commands5agent17wait_for_shutdown
FNDA:0,_RNvNtNtCs6XRaDyu0RI1_11nession_cli8commands5agent20run_agent_foreground
FNDA:0,_RNvNtNtCs6XRaDyu0RI1_11nession_cli8commands5agent8load_tls
FNDA:0,_RNCNCNvNtNtCs6XRaDyu0RI1_11nession_cli8commands5agent16get_tmux_version00B9_
FNDA:0,_RNCNCNvNtNtCs6XRaDyu0RI1_11nession_cli8commands5agent16get_tmux_version0s_0B9_
FNDA:0,_RNCNCNvNtNtCs6XRaDyu0RI1_11nession_cli8commands5agent20run_agent_foreground00B9_
FNDA:0,_RNCNCNvNtNtCs6XRaDyu0RI1_11nession_cli8commands5agent20run_agent_foreground0s0_0B9_
FNDA:0,_RNCNCNvNtNtCs6XRaDyu0RI1_11nession_cli8commands5agent20run_agent_foreground0s_0B9_
FNDA:0,_RNCNCNvNtNtCs6XRaDyu0RI1_11nession_cli8commands5agent5start00B9_
FNDA:0,_RNCNvNtNtCs6XRaDyu0RI1_11nession_cli8commands5agent12extract_port0B7_
[...]
FN:119,_RNvNtNtNtCs6XRaDyu0RI1_11nession_cli6update7version5testss_43compare_update_available_has_correct_values
FNDA:4,_RNvNtNtCsdPtMFPEf3D7_11nession_cli6update7version12parse_semver
FNDA:4,_RNvNtNtCsdPtMFPEf3D7_11nession_cli6update7version16compare_versions
FNDA:0,_RNvNtNtCsdH46pelqeeX_7nession6update7version12parse_semver
FNDA:0,_RNvNtNtCsdH46pelqeeX_7nession6update7version16compare_versions
FNDA:12,_RNvNtNtCsctS2WNrzJ1k_7nession6update7version12parse_semver
FNDA:6,_RNvNtNtCsctS2WNrzJ1k_7nession6update7version16compare_versions
FNDA:1,_RNvNtNtNtCsctS2WNrzJ1k_7nession6update7version5testss_18compare_up_to_date
FNDA:1,_RNvNtNtNtCsctS2WNrzJ1k_7nession6update7version5testss_19parse_with_v_prefix
FNDA:1,_RNvNtNtNtCsctS2WNrzJ1k_7nession6update7version5testss_22parse_without_v_prefix
FNDA:1,_RNvNtNtNtCsctS2WNrzJ1k_7nession6update7version5testss_24compare_update_available
FNDA:1,_RNvNtNtNtCsctS2WNrzJ1k_7nession6update7version5testss_25parse_v_prefix_prerelease
FNDA:1,_RNvNtNtNtCsctS2WNrzJ1k_7nession6update7version5testss_27compare_development_version
FNDA:1,_RNvNtNtNtCsctS2WNrzJ1k_7nession6update7version5testss_30parse_dev_version_returns_none
FNDA:1,_RNvNtNtNtCsctS2WNrzJ1k_7nession6update7version5testss_32compare_none_version_returns_dev
FNDA:1,_RNvNtNtNtCsctS2WNrzJ1k_7nession6update7version5testss_32parse_prerelease_is_valid_semver
FNDA:1,_RNvNtNtNtCsctS2WNrzJ1k_7nession6update7version5testss_33compare_dev_string_treated_as_dev
FNDA:1,_RNvNtNtNtCsctS2WNrzJ1k_7nession6update7version5testss_33parse_unknown_marker_returns_none
FNDA:1,_RNvNtNtNtCsctS2WNrzJ1k_7nession6update7version5testss_43compare_update_available_has_correct_values
FNDA:12,_RNvNtNtCs6XRaDyu0RI1_11nession_cli6update7version12parse_semver
FNDA:6,_RNvNtNtCs6XRaDyu0RI1_11nession_cli6update7version16compare_versions
FNDA:1,_RNvNtNtNtCs6XRaDyu0RI1_11nession_cli6update7version5testss_18compare_up_to_date
FNDA:1,_RNvNtNtNtCs6XRaDyu0RI1_11nession_cli6update7version5testss_19parse_with_v_prefix
FNDA:1,_RNvNtNtNtCs6XRaDyu0RI1_11nession_cli6update7version5testss_22parse_without_v_prefix
FNDA:1,_RNvNtNtNtCs6XRaDyu0RI1_11nession_cli6update7version5testss_24compare_update_available
FNDA:1,_RNvNtNtNtCs6XRaDyu0RI1_11nession_cli6update7version5testss_25parse_v_prefix_prerelease
FNDA:1,_RNvNtNtNtCs6XRaDyu0RI1_11nession_cli6update7version5testss_27compare_development_version
FNDA:1,_RNvNtNtNtCs6XRaDyu0RI1_11nession_cli6update7version5testss_30parse_dev_version_returns_none
FNDA:1,_RNvNtNtNtCs6XRaDyu0RI1_11nession_cli6update7version5testss_32compare_none_version_returns_dev
FNDA:1,_RNvNtNtNtCs6XRaDyu0RI1_11nession_cli6update7version5testss_32parse_prerelease_is_valid_semver
FNDA:1,_RNvNtNtNtCs6XRaDyu0RI1_11nession_cli6update7version5testss_33compare_dev_string_treated_as_dev
FNDA:1,_RNvNtNtNtCs6XRaDyu0RI1_11nession_cli6update7version5testss_33parse_unknown_marker_returns_none
FNDA:1,_RNvNtNtNtCs6XRaDyu0RI1_11nession_cli6update7version5testss_43compare_update_available_has_correct_values
FNF:14
FNH:14
DA:12,28
DA:13,28
DA:14,28
DA:15,28
DA:17,16
DA:18,16
DA:19,14
DA:20,10
DA:21,6
DA:22,6
DA:23,6
DA:24,4
DA:25,4
DA:26,4
DA:27,4
DA:28,2
DA:29,2
DA:30,2
DA:31,2
DA:33,16
DA:40,2
DA:41,2
DA:42,2
DA:43,2
DA:44,2
DA:45,2
DA:48,2
DA:49,2
DA:50,2
DA:51,2
DA:54,2
DA:57,2
DA:58,2
DA:59,2
DA:62,2
DA:63,2
DA:64,2
DA:65,2
DA:68,2
DA:69,2
DA:70,2
DA:71,2
DA:72,2
DA:75,2
DA:76,2
DA:77,2
DA:78,2
DA:79,2
DA:82,2
DA:83,2
DA:84,2
DA:85,2
DA:86,2
DA:89,2
DA:90,2
DA:93,2
DA:94,2
DA:95,2
DA:98,2
DA:99,2
DA:100,2
DA:101,2
DA:102,2
DA:103,2
DA:104,2
DA:107,2
DA:108,2
DA:109,2
DA:112,2
DA:113,2
DA:114,2
DA:115,2
DA:116,2
DA:119,2
DA:120,2
DA:121,2
DA:122,2
DA:123,2
DA:124,2
DA:125,2
DA:127,0
DA:129,2
BRF:0
BRH:0
LF:82
LH:81
end_of_record
SF:/Users/admin/Documents/learn/nession/.claude/worktrees/feat-cli-self-update/crates/nession-cli/src/utils/pid_file.rs
FN:26,_RNCNvNtNtCsdPtMFPEf3D7_11nession_cli5utils8pid_file13read_pid_file0B7_
FN:30,_RNCNvNtNtCsdPtMFPEf3D7_11nession_cli5utils8pid_file13read_pid_files_0B7_
FN:16,_RNCNvNtNtCsdPtMFPEf3D7_11nession_cli5utils8pid_file14write_pid_file0B7_
FN:24,_RNvNtNtCsdPtMFPEf3D7_11nession_cli5utils8pid_file13read_pid_file
FN:14,_RNvNtNtCsdPtMFPEf3D7_11nession_cli5utils8pid_file14write_pid_file
FN:75,_RNvNtNtCsdPtMFPEf3D7_11nession_cli5utils8pid_file15format_duration
FN:39,_RNvNtNtCsdPtMFPEf3D7_11nession_cli5utils8pid_file18is_process_running
FN:58,_RNvNtNtCsdPtMFPEf3D7_11nession_cli5utils8pid_file32is_process_running_from_pid_file
FN:58,_RNvNtNtCsdH46pelqeeX_7nession5utils8pid_file32is_process_running_from_pid_file
FN:24,_RNvNtNtCsdH46pelqeeX_7nession5utils8pid_file13read_pid_file
FN:14,_RNvNtNtCsdH46pelqeeX_7nession5utils8pid_file14write_pid_file
FN:75,_RNvNtNtCsdH46pelqeeX_7nession5utils8pid_file15format_duration
FN:39,_RNvNtNtCsdH46pelqeeX_7nession5utils8pid_file18is_process_running
FN:26,_RNCNvNtNtCsdH46pelqeeX_7nession5utils8pid_file13read_pid_file0B7_
FN:30,_RNCNvNtNtCsdH46pelqeeX_7nession5utils8pid_file13read_pid_files_0B7_
FN:16,_RNCNvNtNtCsdH46pelqeeX_7nession5utils8pid_file14write_pid_file0B7_
FN:148,_RNvNtNtNtCsctS2WNrzJ1k_7nession5utils8pid_file5testss_26test_format_duration_hours
FN:141,_RNvNtNtNtCsctS2WNrzJ1k_7nession5utils8pid_file5testss_28test_format_duration_minutes
FN:134,_RNvNtNtNtCsctS2WNrzJ1k_7nession5utils8pid_file5testss_28test_format_duration_seconds
FN:115,_RNvNtNtNtCsctS2WNrzJ1k_7nession5utils8pid_file5testss_28test_write_and_read_pid_file
FN:128,_RNvNtNtNtCsctS2WNrzJ1k_7nession5utils8pid_file5testss_30test_read_nonexistent_pid_file
FN:162,_RNvNtNtNtCsctS2WNrzJ1k_7nession5utils8pid_file5testss_35test_is_process_running_nonexistent
FN:168,_RNvNtNtNtCsctS2WNrzJ1k_7nession5utils8pid_file5testss_37test_is_process_running_from_pid_file
FN:155,_RNvNtNtNtCsctS2WNrzJ1k_7nession5utils8pid_file5testss_39test_is_process_running_current_process
FN:26,_RNCNvNtNtCsctS2WNrzJ1k_7nession5utils8pid_file13read_pid_file0B7_
FN:30,_RNCNvNtNtCsctS2WNrzJ1k_7nession5utils8pid_file13read_pid_files_0B7_
FN:16,_RNCNvNtNtCsctS2WNrzJ1k_7nession5utils8pid_file14write_pid_file0B7_
FN:24,_RNvNtNtCsctS2WNrzJ1k_7nession5utils8pid_file13read_pid_file
FN:14,_RNvNtNtCsctS2WNrzJ1k_7nession5utils8pid_file14write_pid_file
FN:75,_RNvNtNtCsctS2WNrzJ1k_7nession5utils8pid_file15format_duration
FN:39,_RNvNtNtCsctS2WNrzJ1k_7nession5utils8pid_file18is_process_running
FN:58,_RNvNtNtCsctS2WNrzJ1k_7nession5utils8pid_file32is_process_running_from_pid_file
FN:24,_RNvNtNtCs6XRaDyu0RI1_11nession_cli5utils8pid_file13read_pid_file
FN:14,_RNvNtNtCs6XRaDyu0RI1_11nession_cli5utils8pid_file14write_pid_file
FN:75,_RNvNtNtCs6XRaDyu0RI1_11nession_cli5utils8pid_file15format_duration
FN:39,_RNvNtNtCs6XRaDyu0RI1_11nession_cli5utils8pid_file18is_process_running
FN:58,_RNvNtNtCs6XRaDyu0RI1_11nession_cli5utils8pid_file32is_process_running_from_pid_file
FN:148,_RNvNtNtNtCs6XRaDyu0RI1_11nession_cli5utils8pid_file5testss_26test_format_duration_hours
FN:141,_RNvNtNtNtCs6XRaDyu0RI1_11nession_cli5utils8pid_file5testss_28test_format_duration_minutes
FN:134,_RNvNtNtNtCs6XRaDyu0RI1_11nession_cli5utils8pid_file5testss_28test_format_duration_seconds
FN:115,_RNvNtNtNtCs6XRaDyu0RI1_11nession_cli5utils8pid_file5testss_28test_write_and_read_pid_file
FN:128,_RNvNtNtNtCs6XRaDyu0RI1_11nession_cli5utils8pid_file5testss_30test_read_nonexistent_pid_file
FN:162,_RNvNtNtNtCs6XRaDyu0RI1_11nession_cli5utils8pid_file5testss_35test_is_process_running_nonexistent
FN:168,_RNvNtNtNtCs6XRaDyu0RI1_11nession_cli5utils8pid_file5testss_37test_is_process_running_from_pid_file
FN:155,_RNvNtNtNtCs6XRaDyu0RI1_11nession_cli5utils8pid_file5testss_39test_is_process_running_current_process
FN:26,_RNCNvNtNtCs6XRaDyu0RI1_11nession_cli5utils8pid_file13read_pid_file0B7_
FN:30,_RNCNvNtNtCs6XRaDyu0RI1_11nession_cli5utils8pid_file13read_pid_files_0B7_
FN:16,_RNCNvNtNtCs6XRaDyu0RI1_11nession_cli5utils8pid_file14write_pid_file0B7_
FNDA:0,_RNCNvNtNtCsdPtMFPEf3D7_11nession_cli5utils8pid_file13read_pid_file0B7_
FNDA:0,_RNCNvNtNtCsdPtMFPEf3D7_11nession_cli5utils8pid_file13read_pid_files_0B7_
FNDA:0,_RNCNvNtNtCsdPtMFPEf3D7_11nession_cli5utils8pid_file14write_pid_file0B7_
FNDA:0,_RNvNtNtCsdPtMFPEf3D7_11nession_cli5utils8pid_file13read_pid_file
FNDA:0,_RNvNtNtCsdPtMFPEf3D7_11nession_cli5utils8pid_file14write_pid_file
FNDA:0,_RNvNtNtCsdPtMFPEf3D7_11nession_cli5utils8pid_file15format_duration
FNDA:0,_RNvNtNtCsdPtMFPEf3D7_11nession_cli5utils8pid_file18is_process_running
FNDA:0,_RNvNtNtCsdPtMFPEf3D7_11nession_cli5utils8pid_file32is_process_running_from_pid_file
FNDA:0,_RNvNtNtCsdH46pelqeeX_7nession5utils8pid_file32is_process_running_from_pid_file
FNDA:0,_RNvNtNtCsdH46pelqeeX_7nession5utils8pid_file13read_pid_file
FNDA:0,_RNvNtNtCsdH46pelqeeX_7nession5utils8pid_file14write_pid_file
FNDA:0,_RNvNtNtCsdH46pelqeeX_7nession5utils8pid_file15format_duration
FNDA:0,_RNvNtNtCsdH46pelqeeX_7nession5utils8pid_file18is_process_running
FNDA:0,_RNCNvNtNtCsdH46pelqeeX_7nession5utils8pid_file13read_pid_file0B7_
FNDA:0,_RNCNvNtNtCsdH46pelqeeX_7nession5utils8pid_file13read_pid_files_0B7_
FNDA:0,_RNCNvNtNtCsdH46pelqeeX_7nession5utils8pid_file14write_pid_file0B7_
FNDA:1,_RNvNtNtNtCsctS2WNrzJ1k_7nession5utils8pid_file5testss_26test_format_duration_hours
FNDA:1,_RNvNtNtNtCsctS2WNrzJ1k_7nession5utils8pid_file5testss_28test_format_duration_minutes
FNDA:1,_RNvNtNtNtCsctS2WNrzJ1k_7nession5utils8pid_file5testss_28test_format_duration_seconds
FNDA:1,_RNvNtNtNtCsctS2WNrzJ1k_7nession5utils8pid_file5testss_28test_write_and_read_pid_file
FNDA:1,_RNvNtNtNtCsctS2WNrzJ1k_7nession5utils8pid_file5testss_30test_read_nonexistent_pid_file
FNDA:1,_RNvNtNtNtCsctS2WNrzJ1k_7nession5utils8pid_file5testss_35test_is_process_running_nonexistent
FNDA:1,_RNvNtNtNtCsctS2WNrzJ1k_7nession5utils8pid_file5testss_37test_is_process_running_from_pid_file
FNDA:1,_RNvNtNtNtCsctS2WNrzJ1k_7nession5utils8pid_file5testss_39test_is_process_running_current_process
FNDA:1,_RNCNvNtNtCsctS2WNrzJ1k_7nession5utils8pid_file13read_pid_file0B7_
FNDA:0,_RNCNvNtNtCsctS2WNrzJ1k_7nession5utils8pid_file13read_pid_files_0B7_
FNDA:0,_RNCNvNtNtCsctS2WNrzJ1k_7nession5utils8pid_file14write_pid_file0B7_
FNDA:4,_RNvNtNtCsctS2WNrzJ1k_7nession5utils8pid_file13read_pid_file
FNDA:3,_RNvNtNtCsctS2WNrzJ1k_7nession5utils8pid_file14write_pid_file
FNDA:9,_RNvNtNtCsctS2WNrzJ1k_7nession5utils8pid_file15format_duration
FNDA:4,_RNvNtNtCsctS2WNrzJ1k_7nession5utils8pid_file18is_process_running
FNDA:3,_RNvNtNtCsctS2WNrzJ1k_7nession5utils8pid_file32is_process_running_from_pid_file
FNDA:4,_RNvNtNtCs6XRaDyu0RI1_11nession_cli5utils8pid_file13read_pid_file
FNDA:3,_RNvNtNtCs6XRaDyu0RI1_11nession_cli5utils8pid_file14write_pid_file
FNDA:9,_RNvNtNtCs6XRaDyu0RI1_11nession_cli5utils8pid_file15format_duration
FNDA:4,_RNvNtNtCs6XRaDyu0RI1_11nession_cli5utils8pid_file18is_process_running
FNDA:3,_RNvNtNtCs6XRaDyu0RI1_11nession_cli5utils8pid_file32is_process_running_from_pid_file
FNDA:1,_RNvNtNtNtCs6XRaDyu0RI1_11nession_cli5utils8pid_file5testss_26test_format_duration_hours
FNDA:1,_RNvNtNtNtCs6XRaDyu0RI1_11nession_cli5utils8pid_file5testss_28test_format_duration_minutes
FNDA:1,_RNvNtNtNtCs6XRaDyu0RI1_11nession_cli5utils8pid_file5testss_28test_format_duration_seconds
FNDA:1,_RNvNtNtNtCs6XRaDyu0RI1_11nession_cli5utils8pid_file5testss_28test_write_and_read_pid_file
FNDA:1,_RNvNtNtNtCs6XRaDyu0RI1_11nession_cli5utils8pid_file5testss_30test_read_nonexistent_pid_file
FNDA:1,_RNvNtNtNtCs6XRaDyu0RI1_11nession_cli5utils8pid_file5testss_35test_is_process_running_nonexistent
FNDA:1,_RNvNtNtNtCs6XRaDyu0RI1_11nession_cli5utils8pid_file5testss_37test_is_process_running_from_pid_file
FNDA:1,_RNvNtNtNtCs6XRaDyu0RI1_11nession_cli5utils8pid_file5testss_39test_is_process_running_current_process
FNDA:1,_RNCNvNtNtCs6XRaDyu0RI1_11nession_cli5utils8pid_file13read_pid_file0B7_
FNDA:0,_RNCNvNtNtCs6XRaDyu0RI1_11nession_cli5utils8pid_file13read_pid_files_0B7_
FNDA:0,_RNCNvNtNtCs6XRaDyu0RI1_11nession_cli5utils8pid_file14write_pid_file0B7_
FNF:16
FNH:14
DA:14,6
DA:15,6
DA:16,6
DA:17,6
DA:18,6
DA:24,8
DA:25,6
DA:26,8
DA:27,6
DA:28,6
DA:29,6
DA:30,6
DA:31,6
DA:32,8
DA:39,8
DA:43,8
DA:44,8
DA:58,6
DA:59,6
DA:60,2
DA:61,4
DA:63,4
DA:64,4
DA:65,0
DA:67,6
DA:75,18
DA:76,18
DA:77,18
DA:78,18
DA:80,18
DA:82,18
DA:83,6
DA:86,6
DA:88,12
DA:90,18
DA:91,8
DA:94,8
DA:96,10
DA:98,18
DA:99,10
DA:102,10
DA:104,8
DA:106,18
DA:107,18
DA:115,2
DA:116,2
DA:117,2
DA:118,2
DA:120,2
DA:121,2
DA:123,2
DA:124,2
DA:125,2
DA:128,2
DA:129,2
DA:130,2
DA:131,2
DA:134,2
DA:135,2
DA:136,2
DA:137,2
DA:138,2
DA:141,2
DA:142,2
DA:143,2
DA:144,2
DA:145,2
DA:148,2
DA:149,2
DA:150,2
DA:151,2
DA:152,2
DA:155,2
DA:157,2
DA:158,2
DA:159,2
DA:162,2
DA:164,2
DA:165,2
DA:168,2
DA:169,2
DA:170,2
DA:171,2
DA:174,2
DA:177,2
DA:178,2
DA:179,2
DA:182,2
DA:183,2
DA:184,2
BRF:0
BRH:0
LF:93
LH:90
end_of_record
SF:/Users/admin/Documents/learn/nession/.claude/worktrees/feat-cli-self-update/crates/nession-cli/src/utils/process.rs
FN:38,_RNvNtNtCsdPtMFPEf3D7_11nession_cli5utils7process13get_boot_time
FN:133,_RNvNtNtCsdPtMFPEf3D7_11nession_cli5utils7process15format_time_ago
FN:73,_RNvNtNtCsdPtMFPEf3D7_11nession_cli5utils7process15get_clock_ticks
FN:121,_RNvNtNtCsdPtMFPEf3D7_11nession_cli5utils7process17current_timestamp
FN:112,_RNvNtNtCsdPtMFPEf3D7_11nession_cli5utils7process18get_process_uptime
FN:38,_RNvNtNtCsdH46pelqeeX_7nession5utils7process13get_boot_time
FN:133,_RNvNtNtCsdH46pelqeeX_7nession5utils7process15format_time_ago
FN:73,_RNvNtNtCsdH46pelqeeX_7nession5utils7process15get_clock_ticks
FN:121,_RNvNtNtCsdH46pelqeeX_7nession5utils7process17current_timestamp
FN:112,_RNvNtNtCsdH46pelqeeX_7nession5utils7process18get_process_uptime
FN:121,_RNvNtNtCsctS2WNrzJ1k_7nession5utils7process17current_timestamp
FN:165,_RNvNtNtNtCsctS2WNrzJ1k_7nession5utils7process5testss_18test_get_boot_time
FN:181,_RNvNtNtNtCsctS2WNrzJ1k_7nession5utils7process5testss_20test_get_clock_ticks
FN:240,_RNvNtNtNtCsctS2WNrzJ1k_7nession5utils7process5testss_25test_format_time_ago_days
FN:233,_RNvNtNtNtCsctS2WNrzJ1k_7nession5utils7process5testss_26test_format_time_ago_hours
FN:226,_RNvNtNtNtCsctS2WNrzJ1k_7nession5utils7process5testss_28test_format_time_ago_minutes
FN:219,_RNvNtNtNtCsctS2WNrzJ1k_7nession5utils7process5testss_29test_format_time_ago_just_now
FN:247,_RNvNtNtNtCsctS2WNrzJ1k_7nession5utils7process5testss_29test_format_time_ago_singular
FN:212,_RNvNtNtNtCsctS2WNrzJ1k_7nession5utils7process5testss_35test_get_process_uptime_nonexistent
FN:189,_RNvNtNtNtCsctS2WNrzJ1k_7nession5utils7process5testss_39test_get_process_uptime_current_process
FN:38,_RNvNtNtCsctS2WNrzJ1k_7nession5utils7process13get_boot_time
FN:133,_RNvNtNtCsctS2WNrzJ1k_7nession5utils7process15format_time_ago
FN:73,_RNvNtNtCsctS2WNrzJ1k_7nession5utils7process15get_clock_ticks
FN:112,_RNvNtNtCsctS2WNrzJ1k_7nession5utils7process18get_process_uptime
FN:121,_RNvNtNtCs6XRaDyu0RI1_11nession_cli5utils7process17current_timestamp
FN:165,_RNvNtNtNtCs6XRaDyu0RI1_11nession_cli5utils7process5testss_18test_get_boot_time
FN:181,_RNvNtNtNtCs6XRaDyu0RI1_11nession_cli5utils7process5testss_20test_get_clock_ticks
FN:240,_RNvNtNtNtCs6XRaDyu0RI1_11nession_cli5utils7process5testss_25test_format_time_ago_days
FN:233,_RNvNtNtNtCs6XRaDyu0RI1_11nession_cli5utils7process5testss_26test_format_time_ago_hours
FN:226,_RNvNtNtNtCs6XRaDyu0RI1_11nession_cli5utils7process5testss_28test_format_time_ago_minutes
FN:219,_RNvNtNtNtCs6XRaDyu0RI1_11nession_cli5utils7process5testss_29test_format_time_ago_just_now
FN:247,_RNvNtNtNtCs6XRaDyu0RI1_11nession_cli5utils7process5testss_29test_format_time_ago_singular
FN:212,_RNvNtNtNtCs6XRaDyu0RI1_11nession_cli5utils7process5testss_35test_get_process_uptime_nonexistent
FN:189,_RNvNtNtNtCs6XRaDyu0RI1_11nession_cli5utils7process5testss_39test_get_process_uptime_current_process
FN:38,_RNvNtNtCs6XRaDyu0RI1_11nession_cli5utils7process13get_boot_time
FN:133,_RNvNtNtCs6XRaDyu0RI1_11nession_cli5utils7process15format_time_ago
FN:73,_RNvNtNtCs6XRaDyu0RI1_11nession_cli5utils7process15get_clock_ticks
FN:112,_RNvNtNtCs6XRaDyu0RI1_11nession_cli5utils7process18get_process_uptime
FNDA:0,_RNvNtNtCsdPtMFPEf3D7_11nession_cli5utils7process13get_boot_time
FNDA:0,_RNvNtNtCsdPtMFPEf3D7_11nession_cli5utils7process15format_time_ago
FNDA:0,_RNvNtNtCsdPtMFPEf3D7_11nession_cli5utils7process15get_clock_ticks
FNDA:0,_RNvNtNtCsdPtMFPEf3D7_11nession_cli5utils7process17current_timestamp
FNDA:0,_RNvNtNtCsdPtMFPEf3D7_11nession_cli5utils7process18get_process_uptime
FNDA:0,_RNvNtNtCsdH46pelqeeX_7nession5utils7process13get_boot_time
FNDA:0,_RNvNtNtCsdH46pelqeeX_7nession5utils7process15format_time_ago
FNDA:0,_RNvNtNtCsdH46pelqeeX_7nession5utils7process15get_clock_ticks
FNDA:0,_RNvNtNtCsdH46pelqeeX_7nession5utils7process17current_timestamp
FNDA:0,_RNvNtNtCsdH46pelqeeX_7nession5utils7process18get_process_uptime
FNDA:0,_RNvNtNtCsctS2WNrzJ1k_7nession5utils7process17current_timestamp
FNDA:1,_RNvNtNtNtCsctS2WNrzJ1k_7nession5utils7process5testss_18test_get_boot_time
FNDA:1,_RNvNtNtNtCsctS2WNrzJ1k_7nession5utils7process5testss_20test_get_clock_ticks
FNDA:1,_RNvNtNtNtCsctS2WNrzJ1k_7nession5utils7process5testss_25test_format_time_ago_days
FNDA:1,_RNvNtNtNtCsctS2WNrzJ1k_7nession5utils7process5testss_26test_format_time_ago_hours
FNDA:1,_RNvNtNtNtCsctS2WNrzJ1k_7nession5utils7process5testss_28test_format_time_ago_minutes
FNDA:1,_RNvNtNtNtCsctS2WNrzJ1k_7nession5utils7process5testss_29test_format_time_ago_just_now
FNDA:1,_RNvNtNtNtCsctS2WNrzJ1k_7nession5utils7process5testss_29test_format_time_ago_singular
FNDA:1,_RNvNtNtNtCsctS2WNrzJ1k_7nession5utils7process5testss_35test_get_process_uptime_nonexistent
FNDA:1,_RNvNtNtNtCsctS2WNrzJ1k_7nession5utils7process5testss_39test_get_process_uptime_current_process
FNDA:1,_RNvNtNtCsctS2WNrzJ1k_7nession5utils7process13get_boot_time
FNDA:7,_RNvNtNtCsctS2WNrzJ1k_7nession5utils7process15format_time_ago
FNDA:1,_RNvNtNtCsctS2WNrzJ1k_7nession5utils7process15get_clock_ticks
FNDA:2,_RNvNtNtCsctS2WNrzJ1k_7nession5utils7process18get_process_uptime
FNDA:0,_RNvNtNtCs6XRaDyu0RI1_11nession_cli5utils7process17current_timestamp
FNDA:1,_RNvNtNtNtCs6XRaDyu0RI1_11nession_cli5utils7process5testss_18test_get_boot_time
FNDA:1,_RNvNtNtNtCs6XRaDyu0RI1_11nession_cli5utils7process5testss_20test_get_clock_ticks
FNDA:1,_RNvNtNtNtCs6XRaDyu0RI1_11nession_cli5utils7process5testss_25test_format_time_ago_days
FNDA:1,_RNvNtNtNtCs6XRaDyu0RI1_11nession_cli5utils7process5testss_26test_format_time_ago_hours
FNDA:1,_RNvNtNtNtCs6XRaDyu0RI1_11nession_cli5utils7process5testss_28test_format_time_ago_minutes
FNDA:1,_RNvNtNtNtCs6XRaDyu0RI1_11nession_cli5utils7process5testss_29test_format_time_ago_just_now
FNDA:1,_RNvNtNtNtCs6XRaDyu0RI1_11nession_cli5utils7process5testss_29test_format_time_ago_singular
FNDA:1,_RNvNtNtNtCs6XRaDyu0RI1_11nession_cli5utils7process5testss_35test_get_process_uptime_nonexistent
FNDA:1,_RNvNtNtNtCs6XRaDyu0RI1_11nession_cli5utils7process5testss_39test_get_process_uptime_current_process
FNDA:1,_RNvNtNtCs6XRaDyu0RI1_11nession_cli5utils7process13get_boot_time
FNDA:7,_RNvNtNtCs6XRaDyu0RI1_11nession_cli5utils7process15format_time_ago
FNDA:1,_RNvNtNtCs6XRaDyu0RI1_11nession_cli5utils7process15get_clock_ticks
FNDA:2,_RNvNtNtCs6XRaDyu0RI1_11nession_cli5utils7process18get_process_uptime
FNF:14
FNH:13
DA:38,2
DA:41,2
DA:42,2
DA:43,2
DA:44,2
DA:47,2
DA:48,2
DA:73,2
DA:75,2
DA:76,2
DA:112,4
DA:114,4
DA:115,4
DA:121,0
DA:122,0
DA:123,0
DA:133,14
DA:134,14
DA:135,14
DA:137,14
DA:138,14
DA:139,2
DA:140,12
DA:142,12
DA:143,12
DA:144,4
DA:147,4
DA:149,8
DA:151,8
DA:152,8
DA:153,4
DA:154,4
DA:156,4
DA:157,4
DA:158,14
DA:165,2
DA:166,2
DA:167,2
DA:168,2
DA:169,2
DA:170,2
DA:173,2
DA:176,2
DA:177,2
DA:178,2
DA:181,2
DA:182,2
DA:183,2
DA:185,2
DA:186,2
DA:189,2
DA:190,2
DA:191,2
DA:205,2
DA:206,2
DA:207,2
DA:208,2
DA:209,2
DA:212,2
DA:214,2
DA:215,2
DA:216,2
DA:219,2
DA:220,2
DA:221,2
DA:222,2
DA:223,2
DA:226,2
DA:227,2
DA:228,2
DA:229,2
DA:230,2
DA:233,2
DA:234,2
DA:235,2
DA:236,2
DA:237,2
DA:240,2
DA:241,2
DA:242,2
DA:243,2
DA:244,2
DA:247,2
DA:248,2
DA:249,2
DA:250,2
DA:252,2
DA:253,2
DA:254,2
DA:256,2
DA:257,2
DA:258,2
DA:259,2
BRF:0
BRH:0
LF:93
LH:90
end_of_record